2023-09-27 00:55:28 - ------------Running EBCC------------
2023-09-27 00:55:28 - dataset: aa2
2023-09-27 00:55:28 - --------Run Number 1--------
2023-09-27 00:55:40 - ================Results================
2023-09-27 00:55:40 - train acc (train err): 0.9869 (0.0131)
2023-09-27 00:55:40 - train log loss: 0.0847
2023-09-27 00:55:40 - train brier score: 0.0233
2023-09-27 00:55:40 - ------Computing Confidence Intervals------
2023-09-27 00:56:27 - number invalid intervals 20 (0.73 %)
2023-09-27 00:56:27 - minimum CI width: 0.0000
2023-09-27 00:56:27 - maximum CI width: 1.0000
2023-09-27 00:56:27 - mean CI width: 0.0087
2023-09-27 00:56:27 - --------Run Number 2--------
2023-09-27 00:56:39 - ================Results================
2023-09-27 00:56:39 - train acc (train err): 0.9854 (0.0146)
2023-09-27 00:56:39 - train log loss: 0.1082
2023-09-27 00:56:39 - train brier score: 0.0260
2023-09-27 00:56:39 - --------Run Number 3--------
2023-09-27 00:56:52 - ================Results================
2023-09-27 00:56:52 - train acc (train err): 0.9854 (0.0146)
2023-09-27 00:56:52 - train log loss: 0.1092
2023-09-27 00:56:52 - train brier score: 0.0261
2023-09-27 00:56:52 - --------Run Number 4--------
2023-09-27 00:57:04 - ================Results================
2023-09-27 00:57:04 - train acc (train err): 0.9854 (0.0146)
2023-09-27 00:57:04 - train log loss: 0.1078
2023-09-27 00:57:04 - train brier score: 0.0261
2023-09-27 00:57:04 - --------Run Number 5--------
2023-09-27 00:57:16 - ================Results================
2023-09-27 00:57:16 - train acc (train err): 0.9869 (0.0131)
2023-09-27 00:57:16 - train log loss: 0.0845
2023-09-27 00:57:16 - train brier score: 0.0233
2023-09-27 00:57:16 - --------Run Number 6--------
2023-09-27 00:57:28 - ================Results================
2023-09-27 00:57:28 - train acc (train err): 0.9869 (0.0131)
2023-09-27 00:57:28 - train log loss: 0.0847
2023-09-27 00:57:28 - train brier score: 0.0233
2023-09-27 00:57:28 - --------Run Number 7--------
2023-09-27 00:57:40 - ================Results================
2023-09-27 00:57:40 - train acc (train err): 0.9854 (0.0146)
2023-09-27 00:57:40 - train log loss: 0.1094
2023-09-27 00:57:40 - train brier score: 0.0262
2023-09-27 00:57:40 - --------Run Number 8--------
2023-09-27 00:57:53 - ================Results================
2023-09-27 00:57:53 - train acc (train err): 0.9847 (0.0153)
2023-09-27 00:57:53 - train log loss: 0.1158
2023-09-27 00:57:53 - train brier score: 0.0272
2023-09-27 00:57:53 - --------Run Number 9--------
2023-09-27 00:58:05 - ================Results================
2023-09-27 00:58:05 - train acc (train err): 0.9687 (0.0313)
2023-09-27 00:58:05 - train log loss: 0.4103
2023-09-27 00:58:05 - train brier score: 0.0619
2023-09-27 00:58:05 - --------Run Number 10--------
2023-09-27 00:58:17 - ================Results================
2023-09-27 00:58:17 - train acc (train err): 0.9869 (0.0131)
2023-09-27 00:58:17 - train log loss: 0.0848
2023-09-27 00:58:17 - train brier score: 0.0233
2023-09-27 00:58:17 - ================Aggregated Results================
2023-09-27 00:58:17 - Total number of runs: 10
2023-09-27 00:58:17 - train mean acc +- std (mean train err): 0.9843 +- 0.0053 (0.0157)
2023-09-27 00:58:17 - train mean log loss +- std: 0.1299 +- 0.0942
2023-09-27 00:58:17 - train mean brier score +- std: 0.0286 +- 0.0112
