2023-09-27 00:58:17 - ------------Running EBCC------------
2023-09-27 00:58:17 - dataset: basketball
2023-09-27 00:58:17 - --------Run Number 1--------
2023-09-27 00:58:42 - ================Results================
2023-09-27 00:58:42 - train acc (train err): 0.6367 (0.3633)
2023-09-27 00:58:42 - train log loss: 0.4465
2023-09-27 00:58:42 - train brier score: 0.2886
2023-09-27 00:58:42 - ------Computing Confidence Intervals------
2023-09-27 00:59:37 - number invalid intervals 35940 (100.00 %)
2023-09-27 00:59:37 - minimum CI width: 0.0112
2023-09-27 00:59:37 - maximum CI width: 0.5079
2023-09-27 00:59:37 - mean CI width: 0.0391
2023-09-27 00:59:37 - --------Run Number 2--------
2023-09-27 01:00:02 - ================Results================
2023-09-27 01:00:02 - train acc (train err): 0.6367 (0.3633)
2023-09-27 01:00:02 - train log loss: 0.4465
2023-09-27 01:00:02 - train brier score: 0.2886
2023-09-27 01:00:02 - --------Run Number 3--------
2023-09-27 01:00:27 - ================Results================
2023-09-27 01:00:27 - train acc (train err): 0.6367 (0.3633)
2023-09-27 01:00:27 - train log loss: 0.4465
2023-09-27 01:00:27 - train brier score: 0.2886
2023-09-27 01:00:27 - --------Run Number 4--------
2023-09-27 01:00:52 - ================Results================
2023-09-27 01:00:52 - train acc (train err): 0.6367 (0.3633)
2023-09-27 01:00:52 - train log loss: 0.4465
2023-09-27 01:00:52 - train brier score: 0.2886
2023-09-27 01:00:52 - --------Run Number 5--------
2023-09-27 01:01:18 - ================Results================
2023-09-27 01:01:18 - train acc (train err): 0.6367 (0.3633)
2023-09-27 01:01:18 - train log loss: 0.4465
2023-09-27 01:01:18 - train brier score: 0.2886
2023-09-27 01:01:18 - --------Run Number 6--------
2023-09-27 01:01:43 - ================Results================
2023-09-27 01:01:43 - train acc (train err): 0.6367 (0.3633)
2023-09-27 01:01:43 - train log loss: 0.4465
2023-09-27 01:01:43 - train brier score: 0.2886
2023-09-27 01:01:43 - --------Run Number 7--------
2023-09-27 01:02:08 - ================Results================
2023-09-27 01:02:08 - train acc (train err): 0.6367 (0.3633)
2023-09-27 01:02:08 - train log loss: 0.4465
2023-09-27 01:02:08 - train brier score: 0.2886
2023-09-27 01:02:08 - --------Run Number 8--------
2023-09-27 01:02:33 - ================Results================
2023-09-27 01:02:33 - train acc (train err): 0.6367 (0.3633)
2023-09-27 01:02:33 - train log loss: 0.4465
2023-09-27 01:02:33 - train brier score: 0.2886
2023-09-27 01:02:33 - --------Run Number 9--------
2023-09-27 01:02:58 - ================Results================
2023-09-27 01:02:58 - train acc (train err): 0.6367 (0.3633)
2023-09-27 01:02:58 - train log loss: 0.4465
2023-09-27 01:02:58 - train brier score: 0.2886
2023-09-27 01:02:58 - --------Run Number 10--------
2023-09-27 01:03:23 - ================Results================
2023-09-27 01:03:23 - train acc (train err): 0.6367 (0.3633)
2023-09-27 01:03:23 - train log loss: 0.4465
2023-09-27 01:03:23 - train brier score: 0.2886
2023-09-27 01:03:23 - ================Aggregated Results================
2023-09-27 01:03:23 - Total number of runs: 10
2023-09-27 01:03:23 - train mean acc +- std (mean train err): 0.6367 +- 0.0000 (0.3633)
2023-09-27 01:03:23 - train mean log loss +- std: 0.4465 +- 0.0000
2023-09-27 01:03:23 - train mean brier score +- std: 0.2886 +- 0.0000
