2023-09-27 01:03:23 - ------------Running EBCC------------
2023-09-27 01:03:23 - dataset: breast_cancer
2023-09-27 01:03:23 - --------Run Number 1--------
2023-09-27 01:03:23 - ================Results================
2023-09-27 01:03:23 - train acc (train err): 0.4795 (0.5205)
2023-09-27 01:03:23 - train log loss: 4.3326
2023-09-27 01:03:23 - train brier score: 1.0284
2023-09-27 01:03:23 - ------Computing Confidence Intervals------
2023-09-27 01:03:24 - number invalid intervals 180 (52.63 %)
2023-09-27 01:03:24 - minimum CI width: 0.0007
2023-09-27 01:03:24 - maximum CI width: 0.9890
2023-09-27 01:03:24 - mean CI width: 0.0366
2023-09-27 01:03:45 - --------Run Number 2--------
2023-09-27 01:03:46 - ================Results================
2023-09-27 01:03:46 - train acc (train err): 0.4795 (0.5205)
2023-09-27 01:03:46 - train log loss: 4.3186
2023-09-27 01:03:46 - train brier score: 1.0282
2023-09-27 01:03:46 - --------Run Number 3--------
2023-09-27 01:03:46 - ================Results================
2023-09-27 01:03:46 - train acc (train err): 0.4795 (0.5205)
2023-09-27 01:03:46 - train log loss: 4.2643
2023-09-27 01:03:46 - train brier score: 1.0272
2023-09-27 01:03:46 - --------Run Number 4--------
2023-09-27 01:03:46 - ================Results================
2023-09-27 01:03:46 - train acc (train err): 0.4795 (0.5205)
2023-09-27 01:03:46 - train log loss: 4.3169
2023-09-27 01:03:46 - train brier score: 1.0282
2023-09-27 01:03:46 - --------Run Number 5--------
2023-09-27 01:03:47 - ================Results================
2023-09-27 01:03:47 - train acc (train err): 0.4795 (0.5205)
2023-09-27 01:03:47 - train log loss: 4.2411
2023-09-27 01:03:47 - train brier score: 1.0266
2023-09-27 01:03:47 - --------Run Number 6--------
2023-09-27 01:03:47 - ================Results================
2023-09-27 01:03:47 - train acc (train err): 0.4795 (0.5205)
2023-09-27 01:03:47 - train log loss: 4.2748
2023-09-27 01:03:47 - train brier score: 1.0279
2023-09-27 01:03:47 - --------Run Number 7--------
2023-09-27 01:03:47 - ================Results================
2023-09-27 01:03:47 - train acc (train err): 0.4795 (0.5205)
2023-09-27 01:03:47 - train log loss: 4.3046
2023-09-27 01:03:47 - train brier score: 1.0281
2023-09-27 01:03:47 - --------Run Number 8--------
2023-09-27 01:03:47 - ================Results================
2023-09-27 01:03:47 - train acc (train err): 0.4795 (0.5205)
2023-09-27 01:03:47 - train log loss: 4.3192
2023-09-27 01:03:47 - train brier score: 1.0284
2023-09-27 01:03:47 - --------Run Number 9--------
2023-09-27 01:03:48 - ================Results================
2023-09-27 01:03:48 - train acc (train err): 0.4795 (0.5205)
2023-09-27 01:03:48 - train log loss: 4.3732
2023-09-27 01:03:48 - train brier score: 1.0292
2023-09-27 01:03:48 - --------Run Number 10--------
2023-09-27 01:03:48 - ================Results================
2023-09-27 01:03:48 - train acc (train err): 0.4795 (0.5205)
2023-09-27 01:03:48 - train log loss: 3.8012
2023-09-27 01:03:48 - train brier score: 1.0230
2023-09-27 01:03:48 - ================Aggregated Results================
2023-09-27 01:03:48 - Total number of runs: 10
2023-09-27 01:03:48 - train mean acc +- std (mean train err): 0.4795 +- 0.0000 (0.5205)
2023-09-27 01:03:48 - train mean log loss +- std: 4.2547 +- 0.1553
2023-09-27 01:03:48 - train mean brier score +- std: 1.0275 +- 0.0016
