2023-09-27 00:52:55 - ------------Running Snorkel------------
2023-09-27 00:52:55 - dataset: basketball
2023-09-27 00:52:55 - --------Run Number 1--------
2023-09-27 00:52:55 - ================Results================
2023-09-27 00:52:55 - train acc (train err): 0.8871 (0.1129)
2023-09-27 00:52:55 - train log loss: 0.9365
2023-09-27 00:52:55 - train brier score: 0.2243
2023-09-27 00:52:55 - --------Run Number 2--------
2023-09-27 00:52:55 - ================Results================
2023-09-27 00:52:55 - train acc (train err): 0.8871 (0.1129)
2023-09-27 00:52:55 - train log loss: 1.1740
2023-09-27 00:52:55 - train brier score: 0.2256
2023-09-27 00:52:55 - --------Run Number 3--------
2023-09-27 00:52:55 - ================Results================
2023-09-27 00:52:55 - train acc (train err): 0.8871 (0.1129)
2023-09-27 00:52:55 - train log loss: 1.4323
2023-09-27 00:52:55 - train brier score: 0.2257
2023-09-27 00:52:55 - --------Run Number 4--------
2023-09-27 00:52:55 - ================Results================
2023-09-27 00:52:55 - train acc (train err): 0.8871 (0.1129)
2023-09-27 00:52:55 - train log loss: 1.5140
2023-09-27 00:52:55 - train brier score: 0.2257
2023-09-27 00:52:55 - --------Run Number 5--------
2023-09-27 00:52:55 - ================Results================
2023-09-27 00:52:55 - train acc (train err): 0.8871 (0.1129)
2023-09-27 00:52:55 - train log loss: 1.4321
2023-09-27 00:52:55 - train brier score: 0.2257
2023-09-27 00:52:55 - --------Run Number 6--------
2023-09-27 00:52:55 - ================Results================
2023-09-27 00:52:55 - train acc (train err): 0.8871 (0.1129)
2023-09-27 00:52:55 - train log loss: 1.4347
2023-09-27 00:52:55 - train brier score: 0.2257
2023-09-27 00:52:55 - --------Run Number 7--------
2023-09-27 00:52:55 - ================Results================
2023-09-27 00:52:55 - train acc (train err): 0.8871 (0.1129)
2023-09-27 00:52:55 - train log loss: 1.4423
2023-09-27 00:52:55 - train brier score: 0.2257
2023-09-27 00:52:55 - --------Run Number 8--------
2023-09-27 00:52:55 - ================Results================
2023-09-27 00:52:55 - train acc (train err): 0.8871 (0.1129)
2023-09-27 00:52:55 - train log loss: 1.4321
2023-09-27 00:52:55 - train brier score: 0.2257
2023-09-27 00:52:55 - --------Run Number 9--------
2023-09-27 00:52:56 - ================Results================
2023-09-27 00:52:56 - train acc (train err): 0.8871 (0.1129)
2023-09-27 00:52:56 - train log loss: 0.9159
2023-09-27 00:52:56 - train brier score: 0.2240
2023-09-27 00:52:56 - --------Run Number 10--------
2023-09-27 00:52:56 - ================Results================
2023-09-27 00:52:56 - train acc (train err): 0.8871 (0.1129)
2023-09-27 00:52:56 - train log loss: 1.4315
2023-09-27 00:52:56 - train brier score: 0.2257
2023-09-27 00:52:56 - ================Aggregated Results================
2023-09-27 00:52:56 - Total number of runs: 10
2023-09-27 00:52:56 - train mean acc +- std (mean train err): 0.8871 +- 0.0000 (0.1129)
2023-09-27 00:52:56 - train mean log loss +- std: 1.3145 +- 0.2115
2023-09-27 00:52:56 - train mean brier score +- std: 0.2254 +- 0.0006
