2023-09-27 00:52:59 - ------------Running Snorkel------------
2023-09-27 00:52:59 - dataset: obs
2023-09-27 00:52:59 - --------Run Number 1--------
2023-09-27 00:52:59 - ================Results================
2023-09-27 00:52:59 - train acc (train err): 0.7238 (0.2762)
2023-09-27 00:52:59 - train log loss: 3.9972
2023-09-27 00:52:59 - train brier score: 0.5516
2023-09-27 00:52:59 - --------Run Number 2--------
2023-09-27 00:52:59 - ================Results================
2023-09-27 00:52:59 - train acc (train err): 0.7238 (0.2762)
2023-09-27 00:52:59 - train log loss: 3.9450
2023-09-27 00:52:59 - train brier score: 0.5516
2023-09-27 00:52:59 - --------Run Number 3--------
2023-09-27 00:52:59 - ================Results================
2023-09-27 00:52:59 - train acc (train err): 0.7238 (0.2762)
2023-09-27 00:52:59 - train log loss: 3.9692
2023-09-27 00:52:59 - train brier score: 0.5512
2023-09-27 00:52:59 - --------Run Number 4--------
2023-09-27 00:52:59 - ================Results================
2023-09-27 00:52:59 - train acc (train err): 0.7238 (0.2762)
2023-09-27 00:52:59 - train log loss: 3.9661
2023-09-27 00:52:59 - train brier score: 0.5513
2023-09-27 00:52:59 - --------Run Number 5--------
2023-09-27 00:52:59 - ================Results================
2023-09-27 00:52:59 - train acc (train err): 0.7238 (0.2762)
2023-09-27 00:52:59 - train log loss: 3.9982
2023-09-27 00:52:59 - train brier score: 0.5516
2023-09-27 00:52:59 - --------Run Number 6--------
2023-09-27 00:52:59 - ================Results================
2023-09-27 00:52:59 - train acc (train err): 0.7238 (0.2762)
2023-09-27 00:52:59 - train log loss: 3.9690
2023-09-27 00:52:59 - train brier score: 0.5512
2023-09-27 00:52:59 - --------Run Number 7--------
2023-09-27 00:52:59 - ================Results================
2023-09-27 00:52:59 - train acc (train err): 0.7238 (0.2762)
2023-09-27 00:52:59 - train log loss: 3.9866
2023-09-27 00:52:59 - train brier score: 0.5514
2023-09-27 00:52:59 - --------Run Number 8--------
2023-09-27 00:52:59 - ================Results================
2023-09-27 00:52:59 - train acc (train err): 0.7238 (0.2762)
2023-09-27 00:52:59 - train log loss: 4.0156
2023-09-27 00:52:59 - train brier score: 0.5518
2023-09-27 00:52:59 - --------Run Number 9--------
2023-09-27 00:52:59 - ================Results================
2023-09-27 00:52:59 - train acc (train err): 0.7238 (0.2762)
2023-09-27 00:52:59 - train log loss: 3.9676
2023-09-27 00:52:59 - train brier score: 0.5512
2023-09-27 00:52:59 - --------Run Number 10--------
2023-09-27 00:52:59 - ================Results================
2023-09-27 00:52:59 - train acc (train err): 0.7238 (0.2762)
2023-09-27 00:52:59 - train log loss: 3.9686
2023-09-27 00:52:59 - train brier score: 0.5512
2023-09-27 00:52:59 - ================Aggregated Results================
2023-09-27 00:52:59 - Total number of runs: 10
2023-09-27 00:52:59 - train mean acc +- std (mean train err): 0.7238 +- 0.0000 (0.2762)
2023-09-27 00:52:59 - train mean log loss +- std: 3.9783 +- 0.0196
2023-09-27 00:52:59 - train mean brier score +- std: 0.5514 +- 0.0002
