2024-01-26 21:01:58 - ------------Running AMCL_CC------------
2024-01-26 21:01:58 - dataset: breast_cancer
2024-01-26 21:01:58 - --------Run Number 1--------
2024-01-26 21:01:58 - Num WL: 3, Num Unlab 171, Num Classes 2, Num Lab 100
2024-01-26 21:01:58 - Bound at time 0: 0.450712
2024-01-26 21:01:59 - Bound at time 100: 0.445923
2024-01-26 21:02:00 - Bound at time 200: 0.444007
2024-01-26 21:02:00 - Bound at time 300: 0.443140
2024-01-26 21:02:01 - Bound at time 400: 0.442692
2024-01-26 21:02:02 - ENDING PARAMETERS: [0.39348004 0.53647398 0.07004598]
2024-01-26 21:02:02 - ================Results================
2024-01-26 21:02:02 - time to fit: 4.2 seconds
2024-01-26 21:02:02 - train acc (train err): 0.5205 (0.4795)
2024-01-26 21:02:02 - train log loss: 14.8599
2024-01-26 21:02:02 - train brier score: 0.9334
2024-01-26 21:02:02 - --------Run Number 2--------
2024-01-26 21:02:02 - Num WL: 3, Num Unlab 171, Num Classes 2, Num Lab 100
2024-01-26 21:02:02 - Bound at time 0: 0.500627
2024-01-26 21:02:03 - Bound at time 100: 0.491015
2024-01-26 21:02:04 - Bound at time 200: 0.487785
2024-01-26 21:02:05 - Bound at time 300: 0.486658
2024-01-26 21:02:05 - Bound at time 400: 0.486237
2024-01-26 21:02:06 - ENDING PARAMETERS: [0.08655552 0.66638004 0.24706444]
2024-01-26 21:02:06 - ================Results================
2024-01-26 21:02:06 - time to fit: 4.2 seconds
2024-01-26 21:02:06 - train acc (train err): 0.5205 (0.4795)
2024-01-26 21:02:06 - train log loss: 14.8562
2024-01-26 21:02:06 - train brier score: 0.9305
2024-01-26 21:02:06 - --------Run Number 3--------
2024-01-26 21:02:06 - Num WL: 3, Num Unlab 171, Num Classes 2, Num Lab 100
2024-01-26 21:02:06 - Bound at time 0: 0.434038
2024-01-26 21:02:07 - Bound at time 100: 0.428861
2024-01-26 21:02:08 - Bound at time 200: 0.426873
2024-01-26 21:02:09 - Bound at time 300: 0.426018
2024-01-26 21:02:10 - Bound at time 400: 0.425599
2024-01-26 21:02:10 - ENDING PARAMETERS: [0.08141647 0.56303021 0.35555331]
2024-01-26 21:02:10 - ================Results================
2024-01-26 21:02:10 - time to fit: 4.2 seconds
2024-01-26 21:02:10 - train acc (train err): 0.5205 (0.4795)
2024-01-26 21:02:10 - train log loss: 14.8593
2024-01-26 21:02:10 - train brier score: 0.9332
2024-01-26 21:02:10 - --------Run Number 4--------
2024-01-26 21:02:10 - Num WL: 3, Num Unlab 171, Num Classes 2, Num Lab 100
2024-01-26 21:02:11 - Bound at time 0: 0.467405
2024-01-26 21:02:11 - Bound at time 100: 0.464471
2024-01-26 21:02:12 - Bound at time 200: 0.463516
2024-01-26 21:02:13 - Bound at time 300: 0.463202
2024-01-26 21:02:14 - Bound at time 400: 0.463097
2024-01-26 21:02:15 - ENDING PARAMETERS: [0.22386457 0.51897354 0.25716189]
2024-01-26 21:02:15 - ================Results================
2024-01-26 21:02:15 - time to fit: 4.2 seconds
2024-01-26 21:02:15 - train acc (train err): 0.5205 (0.4795)
2024-01-26 21:02:15 - train log loss: 14.8536
2024-01-26 21:02:15 - train brier score: 0.9325
2024-01-26 21:02:15 - --------Run Number 5--------
2024-01-26 21:02:15 - Num WL: 3, Num Unlab 171, Num Classes 2, Num Lab 100
2024-01-26 21:02:15 - Bound at time 0: 0.400775
2024-01-26 21:02:16 - Bound at time 100: 0.399989
2024-01-26 21:02:16 - Bound at time 200: 0.399648
2024-01-26 21:02:17 - Bound at time 300: 0.399478
2024-01-26 21:02:18 - Bound at time 400: 0.399384
2024-01-26 21:02:19 - ENDING PARAMETERS: [0.21872552 0.41562372 0.36565076]
2024-01-26 21:02:19 - ================Results================
2024-01-26 21:02:19 - time to fit: 4.2 seconds
2024-01-26 21:02:19 - train acc (train err): 0.4795 (0.5205)
2024-01-26 21:02:19 - train log loss: 14.8624
2024-01-26 21:02:19 - train brier score: 0.9413
2024-01-26 21:02:19 - --------Run Number 6--------
2024-01-26 21:02:19 - Num WL: 3, Num Unlab 171, Num Classes 2, Num Lab 100
2024-01-26 21:02:19 - Bound at time 0: 0.480684
2024-01-26 21:02:20 - Bound at time 100: 0.474517
2024-01-26 21:02:21 - Bound at time 200: 0.472514
2024-01-26 21:02:21 - Bound at time 300: 0.471859
2024-01-26 21:02:22 - Bound at time 400: 0.471643
2024-01-26 21:02:23 - ENDING PARAMETERS: [0.1798079  0.60255899 0.21763312]
2024-01-26 21:02:23 - ================Results================
2024-01-26 21:02:23 - time to fit: 4.1 seconds
2024-01-26 21:02:23 - train acc (train err): 0.5205 (0.4795)
2024-01-26 21:02:23 - train log loss: 14.8517
2024-01-26 21:02:23 - train brier score: 0.9297
2024-01-26 21:02:23 - --------Run Number 7--------
2024-01-26 21:02:23 - Num WL: 3, Num Unlab 171, Num Classes 2, Num Lab 100
2024-01-26 21:02:23 - Bound at time 0: 0.464079
2024-01-26 21:02:24 - Bound at time 100: 0.461540
2024-01-26 21:02:25 - Bound at time 200: 0.460620
2024-01-26 21:02:26 - Bound at time 300: 0.460256
2024-01-26 21:02:26 - Bound at time 400: 0.460094
2024-01-26 21:02:27 - ENDING PARAMETERS: [0.17466885 0.49920916 0.32612199]
2024-01-26 21:02:27 - ================Results================
2024-01-26 21:02:27 - time to fit: 4.2 seconds
2024-01-26 21:02:27 - train acc (train err): 0.4795 (0.5205)
2024-01-26 21:02:27 - train log loss: 14.8563
2024-01-26 21:02:27 - train brier score: 0.9346
2024-01-26 21:02:27 - --------Run Number 8--------
2024-01-26 21:02:27 - Num WL: 3, Num Unlab 171, Num Classes 2, Num Lab 100
2024-01-26 21:02:27 - Bound at time 0: 0.470724
2024-01-26 21:02:28 - Bound at time 100: 0.466862
2024-01-26 21:02:29 - Bound at time 200: 0.465509
2024-01-26 21:02:30 - Bound at time 300: 0.465001
2024-01-26 21:02:30 - Bound at time 400: 0.464789
2024-01-26 21:02:31 - ENDING PARAMETERS: [0.15264052 0.54100188 0.3063576 ]
2024-01-26 21:02:31 - ================Results================
2024-01-26 21:02:31 - time to fit: 4.1 seconds
2024-01-26 21:02:31 - train acc (train err): 0.5205 (0.4795)
2024-01-26 21:02:31 - train log loss: 14.8547
2024-01-26 21:02:31 - train brier score: 0.9324
2024-01-26 21:02:31 - --------Run Number 9--------
2024-01-26 21:02:31 - Num WL: 3, Num Unlab 171, Num Classes 2, Num Lab 100
2024-01-26 21:02:31 - Bound at time 0: 0.470758
2024-01-26 21:02:32 - Bound at time 100: 0.468995
2024-01-26 21:02:33 - Bound at time 200: 0.468419
2024-01-26 21:02:34 - Bound at time 300: 0.468229
2024-01-26 21:02:35 - Bound at time 400: 0.468165
2024-01-26 21:02:35 - ENDING PARAMETERS: [0.2458929  0.47718082 0.27692627]
2024-01-26 21:02:35 - ================Results================
2024-01-26 21:02:35 - time to fit: 4.2 seconds
2024-01-26 21:02:35 - train acc (train err): 0.4795 (0.5205)
2024-01-26 21:02:35 - train log loss: 14.8559
2024-01-26 21:02:35 - train brier score: 0.9351
2024-01-26 21:02:35 - --------Run Number 10--------
2024-01-26 21:02:35 - Num WL: 3, Num Unlab 171, Num Classes 2, Num Lab 100
2024-01-26 21:02:35 - Bound at time 0: 0.517396
2024-01-26 21:02:36 - Bound at time 100: 0.513693
2024-01-26 21:02:37 - Bound at time 200: 0.512192
2024-01-26 21:02:38 - Bound at time 300: 0.511502
2024-01-26 21:02:39 - Bound at time 400: 0.511140
2024-01-26 21:02:40 - ENDING PARAMETERS: [0.10344481 0.52123749 0.3753177 ]
2024-01-26 21:02:40 - ================Results================
2024-01-26 21:02:40 - time to fit: 4.1 seconds
2024-01-26 21:02:40 - train acc (train err): 0.5205 (0.4795)
2024-01-26 21:02:40 - train log loss: 14.8594
2024-01-26 21:02:40 - train brier score: 0.9350
2024-01-26 21:02:40 - ================Aggregated Results================
2024-01-26 21:02:40 - Total number of runs: 10
2024-01-26 21:02:40 - Average time to fit 4.2 (std: 0.0)
2024-01-26 21:02:40 - train mean acc +- std (mean train err): 0.5082 +- 0.0188 (0.4918)
2024-01-26 21:02:40 - train mean log loss +- std: 14.8569 +- 0.0031
2024-01-26 21:02:40 - train mean brier score +- std: 0.9338 +- 0.0030
