2024-01-26 22:56:42 - ------------Running AMCL_CC------------
2024-01-26 22:56:42 - dataset: obs
2024-01-26 22:56:42 - --------Run Number 1--------
2024-01-26 22:56:42 - Num WL: 3, Num Unlab 239, Num Classes 2, Num Lab 100
2024-01-26 22:56:42 - Bound at time 0: 0.336580
2024-01-26 22:56:43 - Bound at time 100: 0.336363
2024-01-26 22:56:44 - Bound at time 200: 0.336273
2024-01-26 22:56:45 - Bound at time 300: 0.336234
2024-01-26 22:56:47 - Bound at time 400: 0.336217
2024-01-26 22:56:48 - ENDING PARAMETERS: [0.35075721 0.37299106 0.27625173]
2024-01-26 22:56:48 - ================Results================
2024-01-26 22:56:48 - time to fit: 5.4 seconds
2024-01-26 22:56:48 - train acc (train err): 0.7238 (0.2762)
2024-01-26 22:56:48 - train log loss: 8.7254
2024-01-26 22:56:48 - train brier score: 0.5391
2024-01-26 22:56:48 - --------Run Number 2--------
2024-01-26 22:56:48 - Num WL: 3, Num Unlab 239, Num Classes 2, Num Lab 100
2024-01-26 22:56:48 - Bound at time 0: 0.311302
2024-01-26 22:56:49 - Bound at time 100: 0.310673
2024-01-26 22:56:50 - Bound at time 200: 0.310403
2024-01-26 22:56:51 - Bound at time 300: 0.310283
2024-01-26 22:56:52 - Bound at time 400: 0.310223
2024-01-26 22:56:53 - ENDING PARAMETERS: [0.40962159 0.35435322 0.23602519]
2024-01-26 22:56:53 - ================Results================
2024-01-26 22:56:53 - time to fit: 5.5 seconds
2024-01-26 22:56:53 - train acc (train err): 0.7238 (0.2762)
2024-01-26 22:56:53 - train log loss: 8.7258
2024-01-26 22:56:53 - train brier score: 0.5394
2024-01-26 22:56:53 - --------Run Number 3--------
2024-01-26 22:56:53 - Num WL: 3, Num Unlab 239, Num Classes 2, Num Lab 100
2024-01-26 22:56:53 - Bound at time 0: 0.377976
2024-01-26 22:56:54 - Bound at time 100: 0.377818
2024-01-26 22:56:55 - Bound at time 200: 0.377744
2024-01-26 22:56:56 - Bound at time 300: 0.377704
2024-01-26 22:56:58 - Bound at time 400: 0.377679
2024-01-26 22:56:59 - ENDING PARAMETERS: [0.38324472 0.33053976 0.28621552]
2024-01-26 22:56:59 - ================Results================
2024-01-26 22:56:59 - time to fit: 5.7 seconds
2024-01-26 22:56:59 - train acc (train err): 0.7238 (0.2762)
2024-01-26 22:56:59 - train log loss: 8.7251
2024-01-26 22:56:59 - train brier score: 0.5389
2024-01-26 22:56:59 - --------Run Number 4--------
2024-01-26 22:56:59 - Num WL: 3, Num Unlab 239, Num Classes 2, Num Lab 100
2024-01-26 22:56:59 - Bound at time 0: 0.341250
2024-01-26 22:57:00 - Bound at time 100: 0.337234
2024-01-26 22:57:01 - Bound at time 200: 0.335571
2024-01-26 22:57:02 - Bound at time 300: 0.334873
2024-01-26 22:57:03 - Bound at time 400: 0.334571
2024-01-26 22:57:04 - ENDING PARAMETERS: [0.48875219 0.42579358 0.08545423]
2024-01-26 22:57:04 - ================Results================
2024-01-26 22:57:04 - time to fit: 5.5 seconds
2024-01-26 22:57:04 - train acc (train err): 0.7238 (0.2762)
2024-01-26 22:57:04 - train log loss: 8.7405
2024-01-26 22:57:04 - train brier score: 0.5465
2024-01-26 22:57:04 - --------Run Number 5--------
2024-01-26 22:57:04 - Num WL: 3, Num Unlab 239, Num Classes 2, Num Lab 100
2024-01-26 22:57:04 - Bound at time 0: 0.371308
2024-01-26 22:57:05 - Bound at time 100: 0.371107
2024-01-26 22:57:06 - Bound at time 200: 0.371018
2024-01-26 22:57:08 - Bound at time 300: 0.370975
2024-01-26 22:57:09 - Bound at time 400: 0.370951
2024-01-26 22:57:10 - ENDING PARAMETERS: [0.33049099 0.28291286 0.38659616]
2024-01-26 22:57:10 - ================Results================
2024-01-26 22:57:10 - time to fit: 5.4 seconds
2024-01-26 22:57:10 - train acc (train err): 0.7238 (0.2762)
2024-01-26 22:57:10 - train log loss: 8.7267
2024-01-26 22:57:10 - train brier score: 0.5404
2024-01-26 22:57:10 - --------Run Number 6--------
2024-01-26 22:57:10 - Num WL: 3, Num Unlab 239, Num Classes 2, Num Lab 100
2024-01-26 22:57:10 - Bound at time 0: 0.291250
2024-01-26 22:57:11 - Bound at time 100: 0.287234
2024-01-26 22:57:12 - Bound at time 200: 0.285571
2024-01-26 22:57:13 - Bound at time 300: 0.284873
2024-01-26 22:57:14 - Bound at time 400: 0.284571
2024-01-26 22:57:15 - ENDING PARAMETERS: [0.48875219 0.42579358 0.08545423]
2024-01-26 22:57:15 - ================Results================
2024-01-26 22:57:15 - time to fit: 5.5 seconds
2024-01-26 22:57:15 - train acc (train err): 0.7238 (0.2762)
2024-01-26 22:57:15 - train log loss: 8.7405
2024-01-26 22:57:15 - train brier score: 0.5465
2024-01-26 22:57:15 - --------Run Number 7--------
2024-01-26 22:57:15 - Num WL: 3, Num Unlab 239, Num Classes 2, Num Lab 100
2024-01-26 22:57:15 - Bound at time 0: 0.301308
2024-01-26 22:57:16 - Bound at time 100: 0.301107
2024-01-26 22:57:17 - Bound at time 200: 0.301018
2024-01-26 22:57:19 - Bound at time 300: 0.300975
2024-01-26 22:57:20 - Bound at time 400: 0.300951
2024-01-26 22:57:21 - ENDING PARAMETERS: [0.33049099 0.28291286 0.38659616]
2024-01-26 22:57:21 - ================Results================
2024-01-26 22:57:21 - time to fit: 5.5 seconds
2024-01-26 22:57:21 - train acc (train err): 0.7238 (0.2762)
2024-01-26 22:57:21 - train log loss: 8.7267
2024-01-26 22:57:21 - train brier score: 0.5404
2024-01-26 22:57:21 - --------Run Number 8--------
2024-01-26 22:57:21 - Num WL: 3, Num Unlab 239, Num Classes 2, Num Lab 100
2024-01-26 22:57:21 - Bound at time 0: 0.311250
2024-01-26 22:57:22 - Bound at time 100: 0.307234
2024-01-26 22:57:23 - Bound at time 200: 0.305571
2024-01-26 22:57:24 - Bound at time 300: 0.304873
2024-01-26 22:57:25 - Bound at time 400: 0.304571
2024-01-26 22:57:26 - ENDING PARAMETERS: [0.48875219 0.42579358 0.08545423]
2024-01-26 22:57:26 - ================Results================
2024-01-26 22:57:26 - time to fit: 5.5 seconds
2024-01-26 22:57:26 - train acc (train err): 0.7238 (0.2762)
2024-01-26 22:57:26 - train log loss: 8.7405
2024-01-26 22:57:26 - train brier score: 0.5465
2024-01-26 22:57:26 - --------Run Number 9--------
2024-01-26 22:57:26 - Num WL: 3, Num Unlab 239, Num Classes 2, Num Lab 100
2024-01-26 22:57:26 - Bound at time 0: 0.357967
2024-01-26 22:57:27 - Bound at time 100: 0.357251
2024-01-26 22:57:28 - Bound at time 200: 0.356952
2024-01-26 22:57:29 - Bound at time 300: 0.356825
2024-01-26 22:57:31 - Bound at time 400: 0.356767
2024-01-26 22:57:32 - ENDING PARAMETERS: [0.30411412 0.25909941 0.43678648]
2024-01-26 22:57:32 - ================Results================
2024-01-26 22:57:32 - time to fit: 5.5 seconds
2024-01-26 22:57:32 - train acc (train err): 0.7238 (0.2762)
2024-01-26 22:57:32 - train log loss: 8.7289
2024-01-26 22:57:32 - train brier score: 0.5425
2024-01-26 22:57:32 - --------Run Number 10--------
2024-01-26 22:57:32 - Num WL: 3, Num Unlab 239, Num Classes 2, Num Lab 100
2024-01-26 22:57:32 - Bound at time 0: 0.337976
2024-01-26 22:57:33 - Bound at time 100: 0.337818
2024-01-26 22:57:34 - Bound at time 200: 0.337744
2024-01-26 22:57:35 - Bound at time 300: 0.337704
2024-01-26 22:57:36 - Bound at time 400: 0.337679
2024-01-26 22:57:37 - ENDING PARAMETERS: [0.38324472 0.33053976 0.28621552]
2024-01-26 22:57:37 - ================Results================
2024-01-26 22:57:37 - time to fit: 5.5 seconds
2024-01-26 22:57:37 - train acc (train err): 0.7238 (0.2762)
2024-01-26 22:57:37 - train log loss: 8.7251
2024-01-26 22:57:37 - train brier score: 0.5389
2024-01-26 22:57:37 - ================Aggregated Results================
2024-01-26 22:57:37 - Total number of runs: 10
2024-01-26 22:57:37 - Average time to fit 5.5 (std: 0.1)
2024-01-26 22:57:37 - train mean acc +- std (mean train err): 0.7238 +- 0.0000 (0.2762)
2024-01-26 22:57:37 - train mean log loss +- std: 8.7305 +- 0.0066
2024-01-26 22:57:37 - train mean brier score +- std: 0.5419 +- 0.0032
