2024-01-26 21:29:58 - ------------Running AMCL_CC------------
2024-01-26 21:29:58 - dataset: imdb
2024-01-26 21:29:58 - --------Run Number 1--------
2024-01-26 21:29:58 - Num WL: 5, Num Unlab 20000, Num Classes 2, Num Lab 100
2024-01-26 21:30:51 - Bound at time 0: 0.324083
2024-01-26 21:32:20 - Bound at time 100: 0.273361
2024-01-26 21:33:49 - Bound at time 200: 0.269519
2024-01-26 21:35:23 - Bound at time 300: 0.269238
2024-01-26 21:36:53 - Bound at time 400: 0.269213
2024-01-26 21:38:24 - ENDING PARAMETERS: [0.08928366 0.58751245 0.         0.12988795 0.19331593]
2024-01-26 21:38:24 - ================Results================
2024-01-26 21:38:24 - time to fit: 506.6 seconds
2024-01-26 21:38:24 - train acc (train err): 0.7059 (0.2941)
2024-01-26 21:38:24 - train log loss: 1.8026
2024-01-26 21:38:24 - train brier score: 0.4558
2024-01-26 21:38:24 - --------Run Number 2--------
2024-01-26 21:38:24 - Num WL: 5, Num Unlab 20000, Num Classes 2, Num Lab 100
2024-01-26 21:39:18 - Bound at time 0: 0.294451
2024-01-26 21:40:48 - Bound at time 100: 0.257421
2024-01-26 21:42:19 - Bound at time 200: 0.254207
2024-01-26 21:43:50 - Bound at time 300: 0.253927
2024-01-26 21:45:21 - Bound at time 400: 0.253902
2024-01-26 21:46:51 - ENDING PARAMETERS: [0.02236097 0.55758361 0.13432531 0.14119515 0.14453496]
2024-01-26 21:46:51 - ================Results================
2024-01-26 21:46:51 - time to fit: 507.0 seconds
2024-01-26 21:46:51 - train acc (train err): 0.7059 (0.2941)
2024-01-26 21:46:51 - train log loss: 1.2276
2024-01-26 21:46:51 - train brier score: 0.4468
2024-01-26 21:46:51 - --------Run Number 3--------
2024-01-26 21:46:51 - Num WL: 5, Num Unlab 20000, Num Classes 2, Num Lab 100
2024-01-26 21:47:46 - Bound at time 0: 0.274961
2024-01-26 21:49:15 - Bound at time 100: 0.256893
2024-01-26 21:50:46 - Bound at time 200: 0.255367
2024-01-26 21:52:17 - Bound at time 300: 0.255237
2024-01-26 21:53:49 - Bound at time 400: 0.255226
2024-01-26 21:55:22 - ENDING PARAMETERS: [0.16162927 0.41198433 0.01405558 0.22793527 0.18439556]
2024-01-26 21:55:22 - ================Results================
2024-01-26 21:55:22 - time to fit: 510.1 seconds
2024-01-26 21:55:22 - train acc (train err): 0.6669 (0.3331)
2024-01-26 21:55:22 - train log loss: 1.2422
2024-01-26 21:55:22 - train brier score: 0.4581
2024-01-26 21:55:22 - --------Run Number 4--------
2024-01-26 21:55:22 - Num WL: 5, Num Unlab 20000, Num Classes 2, Num Lab 100
2024-01-26 21:56:17 - Bound at time 0: 0.305027
2024-01-26 21:57:49 - Bound at time 100: 0.289743
2024-01-26 21:59:21 - Bound at time 200: 0.288551
2024-01-26 22:00:52 - Bound at time 300: 0.288458
2024-01-26 22:02:24 - Bound at time 400: 0.288451
2024-01-26 22:03:55 - ENDING PARAMETERS: [0.14372433 0.34664092 0.11540892 0.32942453 0.0648013 ]
2024-01-26 22:03:55 - ================Results================
2024-01-26 22:03:55 - time to fit: 512.9 seconds
2024-01-26 22:03:55 - train acc (train err): 0.6287 (0.3713)
2024-01-26 22:03:55 - train log loss: 1.2325
2024-01-26 22:03:55 - train brier score: 0.4690
2024-01-26 22:03:55 - --------Run Number 5--------
2024-01-26 22:03:55 - Num WL: 5, Num Unlab 20000, Num Classes 2, Num Lab 100
2024-01-26 22:04:48 - Bound at time 0: 0.329818
2024-01-26 22:06:19 - Bound at time 100: 0.269873
2024-01-26 22:07:50 - Bound at time 200: 0.264783
2024-01-26 22:09:23 - Bound at time 300: 0.264354
2024-01-26 22:10:56 - Bound at time 400: 0.264320
2024-01-26 22:12:28 - ENDING PARAMETERS: [0.         0.64876061 0.0847759  0.18941617 0.07704732]
2024-01-26 22:12:28 - ================Results================
2024-01-26 22:12:28 - time to fit: 513.3 seconds
2024-01-26 22:12:28 - train acc (train err): 0.7059 (0.2941)
2024-01-26 22:12:28 - train log loss: 1.7993
2024-01-26 22:12:28 - train brier score: 0.4585
2024-01-26 22:12:28 - --------Run Number 6--------
2024-01-26 22:12:28 - Num WL: 5, Num Unlab 20000, Num Classes 2, Num Lab 100
2024-01-26 22:13:23 - Bound at time 0: 0.311030
2024-01-26 22:14:55 - Bound at time 100: 0.295585
2024-01-26 22:16:27 - Bound at time 200: 0.294307
2024-01-26 22:18:00 - Bound at time 300: 0.294200
2024-01-26 22:19:34 - Bound at time 400: 0.294191
2024-01-26 22:21:07 - ENDING PARAMETERS: [0.19484145 0.40322149 0.16841251 0.19820697 0.03531758]
2024-01-26 22:21:07 - ================Results================
2024-01-26 22:21:07 - time to fit: 518.9 seconds
2024-01-26 22:21:07 - train acc (train err): 0.6663 (0.3337)
2024-01-26 22:21:07 - train log loss: 1.2217
2024-01-26 22:21:07 - train brier score: 0.4543
2024-01-26 22:21:07 - --------Run Number 7--------
2024-01-26 22:21:07 - Num WL: 5, Num Unlab 20000, Num Classes 2, Num Lab 100
2024-01-26 22:22:02 - Bound at time 0: 0.308540
2024-01-26 22:23:36 - Bound at time 100: 0.275760
2024-01-26 22:25:11 - Bound at time 200: 0.274472
2024-01-26 22:26:46 - Bound at time 300: 0.274384
2024-01-26 22:28:20 - Bound at time 400: 0.274377
2024-01-26 22:29:56 - ENDING PARAMETERS: [0.09547979 0.42047199 0.20735951 0.27668871 0.        ]
2024-01-26 22:29:56 - ================Results================
2024-01-26 22:29:56 - time to fit: 528.8 seconds
2024-01-26 22:29:56 - train acc (train err): 0.6663 (0.3337)
2024-01-26 22:29:56 - train log loss: 1.7668
2024-01-26 22:29:56 - train brier score: 0.4608
2024-01-26 22:29:56 - --------Run Number 8--------
2024-01-26 22:29:56 - Num WL: 5, Num Unlab 20000, Num Classes 2, Num Lab 100
2024-01-26 22:30:54 - Bound at time 0: 0.334416
2024-01-26 22:32:32 - Bound at time 100: 0.296566
2024-01-26 22:34:08 - Bound at time 200: 0.293408
2024-01-26 22:35:46 - Bound at time 300: 0.293143
2024-01-26 22:37:23 - Bound at time 400: 0.293121
2024-01-26 22:38:56 - ENDING PARAMETERS: [0.18211806 0.53428938 0.01479395 0.22336374 0.04543487]
2024-01-26 22:38:56 - ================Results================
2024-01-26 22:38:56 - time to fit: 540.3 seconds
2024-01-26 22:38:56 - train acc (train err): 0.7059 (0.2941)
2024-01-26 22:38:56 - train log loss: 1.2565
2024-01-26 22:38:56 - train brier score: 0.4541
2024-01-26 22:38:56 - --------Run Number 9--------
2024-01-26 22:38:56 - Num WL: 5, Num Unlab 20000, Num Classes 2, Num Lab 100
2024-01-26 22:39:52 - Bound at time 0: 0.317579
2024-01-26 22:41:29 - Bound at time 100: 0.249167
2024-01-26 22:43:06 - Bound at time 200: 0.244053
2024-01-26 22:44:42 - Bound at time 300: 0.243684
2024-01-26 22:46:19 - Bound at time 400: 0.243649
2024-01-26 22:47:53 - ENDING PARAMETERS: [0.         0.65370296 0.13048726 0.19375283 0.02205695]
2024-01-26 22:47:53 - ================Results================
2024-01-26 22:47:53 - time to fit: 537.2 seconds
2024-01-26 22:47:53 - train acc (train err): 0.7059 (0.2941)
2024-01-26 22:47:53 - train log loss: 1.8285
2024-01-26 22:47:53 - train brier score: 0.4619
2024-01-26 22:47:53 - --------Run Number 10--------
2024-01-26 22:47:53 - Num WL: 5, Num Unlab 20000, Num Classes 2, Num Lab 100
2024-01-26 22:48:49 - Bound at time 0: 0.316937
2024-01-26 22:50:24 - Bound at time 100: 0.298192
2024-01-26 22:51:57 - Bound at time 200: 0.296664
2024-01-26 22:53:33 - Bound at time 300: 0.296539
2024-01-26 22:55:09 - Bound at time 400: 0.296529
2024-01-26 22:56:42 - ENDING PARAMETERS: [0.04726173 0.41454046 0.11835546 0.27095653 0.14888582]
2024-01-26 22:56:42 - ================Results================
2024-01-26 22:56:42 - time to fit: 528.6 seconds
2024-01-26 22:56:42 - train acc (train err): 0.6681 (0.3319)
2024-01-26 22:56:42 - train log loss: 1.2211
2024-01-26 22:56:42 - train brier score: 0.4541
2024-01-26 22:56:42 - ================Aggregated Results================
2024-01-26 22:56:42 - Total number of runs: 10
2024-01-26 22:56:42 - Average time to fit 520.4 (std: 11.8)
2024-01-26 22:56:42 - train mean acc +- std (mean train err): 0.6826 +- 0.0257 (0.3174)
2024-01-26 22:56:42 - train mean log loss +- std: 1.4599 +- 0.2776
2024-01-26 22:56:42 - train mean brier score +- std: 0.4574 +- 0.0056
