2023-09-27 00:52:56 - ------------Running Snorkel------------
2023-09-27 00:52:56 - dataset: cardio
2023-09-27 00:52:56 - --------Run Number 1--------
2023-09-27 00:52:56 - ================Results================
2023-09-27 00:52:56 - train acc (train err): 0.6021 (0.3979)
2023-09-27 00:52:56 - train log loss: 7.2488
2023-09-27 00:52:56 - train brier score: 0.7958
2023-09-27 00:52:56 - --------Run Number 2--------
2023-09-27 00:52:56 - ================Results================
2023-09-27 00:52:56 - train acc (train err): 0.6021 (0.3979)
2023-09-27 00:52:56 - train log loss: 6.7425
2023-09-27 00:52:56 - train brier score: 0.7958
2023-09-27 00:52:56 - --------Run Number 3--------
2023-09-27 00:52:56 - ================Results================
2023-09-27 00:52:56 - train acc (train err): 0.6021 (0.3979)
2023-09-27 00:52:56 - train log loss: 6.7886
2023-09-27 00:52:56 - train brier score: 0.7958
2023-09-27 00:52:56 - --------Run Number 4--------
2023-09-27 00:52:56 - ================Results================
2023-09-27 00:52:56 - train acc (train err): 0.6021 (0.3979)
2023-09-27 00:52:56 - train log loss: 6.7594
2023-09-27 00:52:56 - train brier score: 0.7958
2023-09-27 00:52:56 - --------Run Number 5--------
2023-09-27 00:52:56 - ================Results================
2023-09-27 00:52:56 - train acc (train err): 0.6021 (0.3979)
2023-09-27 00:52:56 - train log loss: 6.7634
2023-09-27 00:52:56 - train brier score: 0.7958
2023-09-27 00:52:56 - --------Run Number 6--------
2023-09-27 00:52:56 - ================Results================
2023-09-27 00:52:56 - train acc (train err): 0.6021 (0.3979)
2023-09-27 00:52:56 - train log loss: 7.2706
2023-09-27 00:52:56 - train brier score: 0.7958
2023-09-27 00:52:56 - --------Run Number 7--------
2023-09-27 00:52:56 - ================Results================
2023-09-27 00:52:56 - train acc (train err): 0.6021 (0.3979)
2023-09-27 00:52:56 - train log loss: 7.2685
2023-09-27 00:52:56 - train brier score: 0.7958
2023-09-27 00:52:56 - --------Run Number 8--------
2023-09-27 00:52:56 - ================Results================
2023-09-27 00:52:56 - train acc (train err): 0.6021 (0.3979)
2023-09-27 00:52:56 - train log loss: 6.8179
2023-09-27 00:52:56 - train brier score: 0.7958
2023-09-27 00:52:56 - --------Run Number 9--------
2023-09-27 00:52:56 - ================Results================
2023-09-27 00:52:56 - train acc (train err): 0.6021 (0.3979)
2023-09-27 00:52:56 - train log loss: 7.2151
2023-09-27 00:52:56 - train brier score: 0.7958
2023-09-27 00:52:56 - --------Run Number 10--------
2023-09-27 00:52:56 - ================Results================
2023-09-27 00:52:56 - train acc (train err): 0.6021 (0.3979)
2023-09-27 00:52:56 - train log loss: 7.2555
2023-09-27 00:52:56 - train brier score: 0.7958
2023-09-27 00:52:56 - ================Aggregated Results================
2023-09-27 00:52:56 - Total number of runs: 10
2023-09-27 00:52:56 - train mean acc +- std (mean train err): 0.6021 +- 0.0000 (0.3979)
2023-09-27 00:52:56 - train mean log loss +- std: 7.0130 +- 0.2398
2023-09-27 00:52:56 - train mean brier score +- std: 0.7958 +- 0.0000
