2024-01-26 19:47:25 - ------------Running AMCL_CC------------
2024-01-26 19:47:25 - dataset: basketball
2024-01-26 19:47:25 - --------Run Number 1--------
2024-01-26 19:47:25 - Num WL: 4, Num Unlab 17970, Num Classes 2, Num Lab 100
2024-01-26 19:48:09 - Bound at time 0: 0.273333
2024-01-26 19:49:28 - Bound at time 100: 0.167319
2024-01-26 19:50:47 - Bound at time 200: 0.161648
2024-01-26 19:52:07 - Bound at time 300: 0.161395
2024-01-26 19:53:27 - Bound at time 400: 0.161382
2024-01-26 19:54:46 - ENDING PARAMETERS: [0.82771189 0.14184478 0.03044333 0.        ]
2024-01-26 19:54:46 - ================Results================
2024-01-26 19:54:46 - time to fit: 440.4 seconds
2024-01-26 19:54:46 - train acc (train err): 0.8786 (0.1214)
2024-01-26 19:54:46 - train log loss: 1.4300
2024-01-26 19:54:46 - train brier score: 0.2273
2024-01-26 19:54:46 - --------Run Number 2--------
2024-01-26 19:54:46 - Num WL: 4, Num Unlab 17970, Num Classes 2, Num Lab 100
2024-01-26 19:55:28 - Bound at time 0: 0.324295
2024-01-26 19:56:47 - Bound at time 100: 0.218413
2024-01-26 19:58:06 - Bound at time 200: 0.213069
2024-01-26 19:59:26 - Bound at time 300: 0.212826
2024-01-26 20:00:45 - Bound at time 400: 0.212814
2024-01-26 20:02:04 - ENDING PARAMETERS: [0.82799807 0.1018522  0.07014973 0.        ]
2024-01-26 20:02:04 - ================Results================
2024-01-26 20:02:04 - time to fit: 438.3 seconds
2024-01-26 20:02:04 - train acc (train err): 0.8786 (0.1214)
2024-01-26 20:02:04 - train log loss: 1.4145
2024-01-26 20:02:04 - train brier score: 0.2245
2024-01-26 20:02:04 - --------Run Number 3--------
2024-01-26 20:02:04 - Num WL: 4, Num Unlab 17970, Num Classes 2, Num Lab 100
2024-01-26 20:02:47 - Bound at time 0: 0.281826
2024-01-26 20:04:06 - Bound at time 100: 0.209224
2024-01-26 20:05:26 - Bound at time 200: 0.206580
2024-01-26 20:06:45 - Bound at time 300: 0.206448
2024-01-26 20:08:04 - Bound at time 400: 0.206442
2024-01-26 20:09:22 - ENDING PARAMETERS: [0.68685192 0.20300524 0.11014284 0.        ]
2024-01-26 20:09:22 - ================Results================
2024-01-26 20:09:22 - time to fit: 438.1 seconds
2024-01-26 20:09:22 - train acc (train err): 0.8786 (0.1214)
2024-01-26 20:09:22 - train log loss: 1.4398
2024-01-26 20:09:22 - train brier score: 0.2440
2024-01-26 20:09:22 - --------Run Number 4--------
2024-01-26 20:09:22 - Num WL: 4, Num Unlab 17970, Num Classes 2, Num Lab 100
2024-01-26 20:10:05 - Bound at time 0: 0.289638
2024-01-26 20:11:24 - Bound at time 100: 0.195528
2024-01-26 20:12:43 - Bound at time 200: 0.191918
2024-01-26 20:14:02 - Bound at time 300: 0.191738
2024-01-26 20:15:21 - Bound at time 400: 0.191728
2024-01-26 20:16:40 - ENDING PARAMETERS: [0.76131241 0.0757515  0.16293608 0.        ]
2024-01-26 20:16:40 - ================Results================
2024-01-26 20:16:40 - time to fit: 437.9 seconds
2024-01-26 20:16:40 - train acc (train err): 0.8786 (0.1214)
2024-01-26 20:16:40 - train log loss: 1.4243
2024-01-26 20:16:40 - train brier score: 0.2309
2024-01-26 20:16:40 - --------Run Number 5--------
2024-01-26 20:16:40 - Num WL: 4, Num Unlab 17970, Num Classes 2, Num Lab 100
2024-01-26 20:17:23 - Bound at time 0: 0.329488
2024-01-26 20:18:43 - Bound at time 100: 0.266428
2024-01-26 20:20:02 - Bound at time 200: 0.261658
2024-01-26 20:21:22 - Bound at time 300: 0.261255
2024-01-26 20:22:41 - Bound at time 400: 0.261219
2024-01-26 20:24:00 - ENDING PARAMETERS: [0.74016509 0.12163307 0.10860002 0.02960181]
2024-01-26 20:24:00 - ================Results================
2024-01-26 20:24:00 - time to fit: 439.3 seconds
2024-01-26 20:24:00 - train acc (train err): 0.8786 (0.1214)
2024-01-26 20:24:00 - train log loss: 0.8190
2024-01-26 20:24:00 - train brier score: 0.2251
2024-01-26 20:24:00 - --------Run Number 6--------
2024-01-26 20:24:00 - Num WL: 4, Num Unlab 17970, Num Classes 2, Num Lab 100
2024-01-26 20:24:42 - Bound at time 0: 0.334366
2024-01-26 20:26:00 - Bound at time 100: 0.264556
2024-01-26 20:27:19 - Bound at time 200: 0.259139
2024-01-26 20:28:38 - Bound at time 300: 0.258942
2024-01-26 20:29:57 - Bound at time 400: 0.258932
2024-01-26 20:31:16 - ENDING PARAMETERS: [0.74071926 0.13596493 0.12331581 0.        ]
2024-01-26 20:31:16 - ================Results================
2024-01-26 20:31:16 - time to fit: 435.9 seconds
2024-01-26 20:31:16 - train acc (train err): 0.8786 (0.1214)
2024-01-26 20:31:16 - train log loss: 1.4231
2024-01-26 20:31:16 - train brier score: 0.2317
2024-01-26 20:31:16 - --------Run Number 7--------
2024-01-26 20:31:16 - Num WL: 4, Num Unlab 17970, Num Classes 2, Num Lab 100
2024-01-26 20:31:58 - Bound at time 0: 0.306845
2024-01-26 20:33:17 - Bound at time 100: 0.239602
2024-01-26 20:34:37 - Bound at time 200: 0.234660
2024-01-26 20:35:56 - Bound at time 300: 0.234248
2024-01-26 20:37:17 - Bound at time 400: 0.234212
2024-01-26 20:38:37 - ENDING PARAMETERS: [0.75422634 0.07802197 0.12473535 0.04301634]
2024-01-26 20:38:37 - ================Results================
2024-01-26 20:38:37 - time to fit: 441.5 seconds
2024-01-26 20:38:37 - train acc (train err): 0.8786 (0.1214)
2024-01-26 20:38:37 - train log loss: 0.8089
2024-01-26 20:38:37 - train brier score: 0.2215
2024-01-26 20:38:37 - --------Run Number 8--------
2024-01-26 20:38:37 - Num WL: 4, Num Unlab 17970, Num Classes 2, Num Lab 100
2024-01-26 20:39:20 - Bound at time 0: 0.298699
2024-01-26 20:40:45 - Bound at time 100: 0.206997
2024-01-26 20:42:11 - Bound at time 200: 0.200735
2024-01-26 20:43:38 - Bound at time 300: 0.200515
2024-01-26 20:45:04 - Bound at time 400: 0.200507
2024-01-26 20:46:29 - ENDING PARAMETERS: [7.81758357e-01 2.18005176e-01 2.36466935e-04 0.00000000e+00]
2024-01-26 20:46:30 - ================Results================
2024-01-26 20:46:30 - time to fit: 472.3 seconds
2024-01-26 20:46:30 - train acc (train err): 0.8786 (0.1214)
2024-01-26 20:46:30 - train log loss: 1.5798
2024-01-26 20:46:30 - train brier score: 0.2384
2024-01-26 20:46:30 - --------Run Number 9--------
2024-01-26 20:46:30 - Num WL: 4, Num Unlab 17970, Num Classes 2, Num Lab 100
2024-01-26 20:47:16 - Bound at time 0: 0.361459
2024-01-26 20:48:41 - Bound at time 100: 0.245878
2024-01-26 20:50:07 - Bound at time 200: 0.238347
2024-01-26 20:51:29 - Bound at time 300: 0.238035
2024-01-26 20:52:53 - Bound at time 400: 0.238019
2024-01-26 20:54:16 - ENDING PARAMETERS: [0.87516244 0.04815422 0.07668335 0.        ]
2024-01-26 20:54:16 - ================Results================
2024-01-26 20:54:16 - time to fit: 466.4 seconds
2024-01-26 20:54:16 - train acc (train err): 0.8786 (0.1214)
2024-01-26 20:54:16 - train log loss: 1.4203
2024-01-26 20:54:16 - train brier score: 0.2252
2024-01-26 20:54:16 - --------Run Number 10--------
2024-01-26 20:54:16 - Num WL: 4, Num Unlab 17970, Num Classes 2, Num Lab 100
2024-01-26 20:55:01 - Bound at time 0: 0.288839
2024-01-26 20:56:24 - Bound at time 100: 0.204332
2024-01-26 20:57:47 - Bound at time 200: 0.198121
2024-01-26 20:59:11 - Bound at time 300: 0.197605
2024-01-26 21:00:34 - Bound at time 400: 0.197559
2024-01-26 21:01:58 - ENDING PARAMETERS: [0.80659439 0.00421429 0.17128122 0.0179101 ]
2024-01-26 21:01:58 - ================Results================
2024-01-26 21:01:58 - time to fit: 461.8 seconds
2024-01-26 21:01:58 - train acc (train err): 0.8786 (0.1214)
2024-01-26 21:01:58 - train log loss: 0.8706
2024-01-26 21:01:58 - train brier score: 0.2288
2024-01-26 21:01:58 - ================Aggregated Results================
2024-01-26 21:01:58 - Total number of runs: 10
2024-01-26 21:01:58 - Average time to fit 447.2 (std: 13.1)
2024-01-26 21:01:58 - train mean acc +- std (mean train err): 0.8786 +- 0.0000 (0.1214)
2024-01-26 21:01:58 - train mean log loss +- std: 1.2630 +- 0.2857
2024-01-26 21:01:58 - train mean brier score +- std: 0.2297 +- 0.0065
