2023-09-27 01:03:48 - ------------Running EBCC------------
2023-09-27 01:03:48 - dataset: cardio
2023-09-27 01:03:48 - --------Run Number 1--------
2023-09-27 01:03:50 - ================Results================
2023-09-27 01:03:50 - train acc (train err): 0.6021 (0.3979)
2023-09-27 01:03:50 - train log loss: 0.9113
2023-09-27 01:03:50 - train brier score: 0.6186
2023-09-27 01:03:50 - ------Computing Confidence Intervals------
2023-09-27 01:03:52 - number invalid intervals 4 (0.69 %)
2023-09-27 01:03:52 - minimum CI width: 0.0000
2023-09-27 01:03:52 - maximum CI width: 1.0000
2023-09-27 01:03:52 - mean CI width: 0.9089
2023-09-27 01:03:52 - --------Run Number 2--------
2023-09-27 01:03:54 - ================Results================
2023-09-27 01:03:54 - train acc (train err): 0.6021 (0.3979)
2023-09-27 01:03:54 - train log loss: 0.9020
2023-09-27 01:03:54 - train brier score: 0.6144
2023-09-27 01:03:54 - --------Run Number 3--------
2023-09-27 01:03:56 - ================Results================
2023-09-27 01:03:56 - train acc (train err): 0.6021 (0.3979)
2023-09-27 01:03:56 - train log loss: 0.9060
2023-09-27 01:03:56 - train brier score: 0.6162
2023-09-27 01:03:56 - --------Run Number 4--------
2023-09-27 01:03:58 - ================Results================
2023-09-27 01:03:58 - train acc (train err): 0.6021 (0.3979)
2023-09-27 01:03:58 - train log loss: 0.8994
2023-09-27 01:03:58 - train brier score: 0.6133
2023-09-27 01:03:58 - --------Run Number 5--------
2023-09-27 01:04:01 - ================Results================
2023-09-27 01:04:01 - train acc (train err): 0.6021 (0.3979)
2023-09-27 01:04:01 - train log loss: 0.9022
2023-09-27 01:04:01 - train brier score: 0.6145
2023-09-27 01:04:01 - --------Run Number 6--------
2023-09-27 01:04:03 - ================Results================
2023-09-27 01:04:03 - train acc (train err): 0.6021 (0.3979)
2023-09-27 01:04:03 - train log loss: 0.9069
2023-09-27 01:04:03 - train brier score: 0.6166
2023-09-27 01:04:03 - --------Run Number 7--------
2023-09-27 01:04:05 - ================Results================
2023-09-27 01:04:05 - train acc (train err): 0.6021 (0.3979)
2023-09-27 01:04:05 - train log loss: 0.9067
2023-09-27 01:04:05 - train brier score: 0.6165
2023-09-27 01:04:05 - --------Run Number 8--------
2023-09-27 01:04:07 - ================Results================
2023-09-27 01:04:07 - train acc (train err): 0.6021 (0.3979)
2023-09-27 01:04:07 - train log loss: 0.9051
2023-09-27 01:04:07 - train brier score: 0.6158
2023-09-27 01:04:07 - --------Run Number 9--------
2023-09-27 01:04:10 - ================Results================
2023-09-27 01:04:10 - train acc (train err): 0.6021 (0.3979)
2023-09-27 01:04:10 - train log loss: 0.9064
2023-09-27 01:04:10 - train brier score: 0.6164
2023-09-27 01:04:10 - --------Run Number 10--------
2023-09-27 01:04:12 - ================Results================
2023-09-27 01:04:12 - train acc (train err): 0.6021 (0.3979)
2023-09-27 01:04:12 - train log loss: 0.9037
2023-09-27 01:04:12 - train brier score: 0.6152
2023-09-27 01:04:12 - ================Aggregated Results================
2023-09-27 01:04:12 - Total number of runs: 10
2023-09-27 01:04:12 - train mean acc +- std (mean train err): 0.6021 +- 0.0000 (0.3979)
2023-09-27 01:04:12 - train mean log loss +- std: 0.9050 +- 0.0032
2023-09-27 01:04:12 - train mean brier score +- std: 0.6158 +- 0.0014
