2023-09-27 00:52:58 - ------------Running Snorkel------------
2023-09-27 00:52:58 - dataset: imdb
2023-09-27 00:52:58 - --------Run Number 1--------
2023-09-27 00:52:58 - ================Results================
2023-09-27 00:52:58 - train acc (train err): 0.6953 (0.3047)
2023-09-27 00:52:58 - train log loss: 0.6605
2023-09-27 00:52:58 - train brier score: 0.4679
2023-09-27 00:52:58 - --------Run Number 2--------
2023-09-27 00:52:58 - ================Results================
2023-09-27 00:52:58 - train acc (train err): 0.6952 (0.3048)
2023-09-27 00:52:58 - train log loss: 0.6400
2023-09-27 00:52:58 - train brier score: 0.4389
2023-09-27 00:52:58 - --------Run Number 3--------
2023-09-27 00:52:58 - ================Results================
2023-09-27 00:52:58 - train acc (train err): 0.6952 (0.3048)
2023-09-27 00:52:58 - train log loss: 0.7594
2023-09-27 00:52:58 - train brier score: 0.4622
2023-09-27 00:52:58 - --------Run Number 4--------
2023-09-27 00:52:58 - ================Results================
2023-09-27 00:52:58 - train acc (train err): 0.6953 (0.3047)
2023-09-27 00:52:58 - train log loss: 0.6702
2023-09-27 00:52:58 - train brier score: 0.4773
2023-09-27 00:52:58 - --------Run Number 5--------
2023-09-27 00:52:58 - ================Results================
2023-09-27 00:52:58 - train acc (train err): 0.6952 (0.3048)
2023-09-27 00:52:58 - train log loss: 0.7185
2023-09-27 00:52:58 - train brier score: 0.4569
2023-09-27 00:52:58 - --------Run Number 6--------
2023-09-27 00:52:58 - ================Results================
2023-09-27 00:52:58 - train acc (train err): 0.6952 (0.3048)
2023-09-27 00:52:58 - train log loss: 0.6849
2023-09-27 00:52:58 - train brier score: 0.4507
2023-09-27 00:52:58 - --------Run Number 7--------
2023-09-27 00:52:58 - ================Results================
2023-09-27 00:52:58 - train acc (train err): 0.6952 (0.3048)
2023-09-27 00:52:58 - train log loss: 0.6303
2023-09-27 00:52:58 - train brier score: 0.4371
2023-09-27 00:52:58 - --------Run Number 8--------
2023-09-27 00:52:59 - ================Results================
2023-09-27 00:52:59 - train acc (train err): 0.6952 (0.3048)
2023-09-27 00:52:59 - train log loss: 0.6345
2023-09-27 00:52:59 - train brier score: 0.4425
2023-09-27 00:52:59 - --------Run Number 9--------
2023-09-27 00:52:59 - ================Results================
2023-09-27 00:52:59 - train acc (train err): 0.6952 (0.3048)
2023-09-27 00:52:59 - train log loss: 0.7542
2023-09-27 00:52:59 - train brier score: 0.4616
2023-09-27 00:52:59 - --------Run Number 10--------
2023-09-27 00:52:59 - ================Results================
2023-09-27 00:52:59 - train acc (train err): 0.6952 (0.3048)
2023-09-27 00:52:59 - train log loss: 0.6379
2023-09-27 00:52:59 - train brier score: 0.4383
2023-09-27 00:52:59 - ================Aggregated Results================
2023-09-27 00:52:59 - Total number of runs: 10
2023-09-27 00:52:59 - train mean acc +- std (mean train err): 0.6952 +- 0.0000 (0.3048)
2023-09-27 00:52:59 - train mean log loss +- std: 0.6790 +- 0.0466
2023-09-27 00:52:59 - train mean brier score +- std: 0.4533 +- 0.0133
