2023-09-27 01:36:00 - ------------Running EBCC------------
2023-09-27 01:36:00 - dataset: youtube
2023-09-27 01:36:00 - --------Run Number 1--------
2023-09-27 01:36:03 - ================Results================
2023-09-27 01:36:03 - train acc (train err): 0.4760 (0.5240)
2023-09-27 01:36:03 - train log loss: 0.6918
2023-09-27 01:36:03 - train brier score: 0.4988
2023-09-27 01:36:03 - ------Computing Confidence Intervals------
2023-09-27 01:36:09 - number invalid intervals 0 (0.00 %)
2023-09-27 01:36:09 - minimum CI width: 1.0000
2023-09-27 01:36:09 - maximum CI width: 1.0000
2023-09-27 01:36:09 - mean CI width: 1.0000
2023-09-27 01:36:09 - --------Run Number 2--------
2023-09-27 01:36:13 - ================Results================
2023-09-27 01:36:13 - train acc (train err): 0.4760 (0.5240)
2023-09-27 01:36:13 - train log loss: 0.6918
2023-09-27 01:36:13 - train brier score: 0.4988
2023-09-27 01:36:13 - --------Run Number 3--------
2023-09-27 01:36:17 - ================Results================
2023-09-27 01:36:17 - train acc (train err): 0.4760 (0.5240)
2023-09-27 01:36:17 - train log loss: 0.6918
2023-09-27 01:36:17 - train brier score: 0.4987
2023-09-27 01:36:17 - --------Run Number 4--------
2023-09-27 01:36:21 - ================Results================
2023-09-27 01:36:21 - train acc (train err): 0.4760 (0.5240)
2023-09-27 01:36:21 - train log loss: 0.6918
2023-09-27 01:36:21 - train brier score: 0.4988
2023-09-27 01:36:21 - --------Run Number 5--------
2023-09-27 01:36:25 - ================Results================
2023-09-27 01:36:25 - train acc (train err): 0.4760 (0.5240)
2023-09-27 01:36:25 - train log loss: 0.6918
2023-09-27 01:36:25 - train brier score: 0.4987
2023-09-27 01:36:25 - --------Run Number 6--------
2023-09-27 01:36:29 - ================Results================
2023-09-27 01:36:29 - train acc (train err): 0.4760 (0.5240)
2023-09-27 01:36:29 - train log loss: 0.6918
2023-09-27 01:36:29 - train brier score: 0.4987
2023-09-27 01:36:29 - --------Run Number 7--------
2023-09-27 01:36:33 - ================Results================
2023-09-27 01:36:33 - train acc (train err): 0.4760 (0.5240)
2023-09-27 01:36:33 - train log loss: 0.6918
2023-09-27 01:36:33 - train brier score: 0.4987
2023-09-27 01:36:33 - --------Run Number 8--------
2023-09-27 01:36:37 - ================Results================
2023-09-27 01:36:37 - train acc (train err): 0.4760 (0.5240)
2023-09-27 01:36:37 - train log loss: 0.6918
2023-09-27 01:36:37 - train brier score: 0.4987
2023-09-27 01:36:37 - --------Run Number 9--------
2023-09-27 01:36:41 - ================Results================
2023-09-27 01:36:41 - train acc (train err): 0.4760 (0.5240)
2023-09-27 01:36:41 - train log loss: 0.6918
2023-09-27 01:36:41 - train brier score: 0.4987
2023-09-27 01:36:41 - --------Run Number 10--------
2023-09-27 01:36:44 - ================Results================
2023-09-27 01:36:44 - train acc (train err): 0.4760 (0.5240)
2023-09-27 01:36:44 - train log loss: 0.6918
2023-09-27 01:36:44 - train brier score: 0.4988
2023-09-27 01:36:44 - ================Aggregated Results================
2023-09-27 01:36:44 - Total number of runs: 10
2023-09-27 01:36:44 - train mean acc +- std (mean train err): 0.4760 +- 0.0000 (0.5240)
2023-09-27 01:36:44 - train mean log loss +- std: 0.6918 +- 0.0000
2023-09-27 01:36:44 - train mean brier score +- std: 0.4987 +- 0.0000
