2024-01-27 02:41:07 - ------------Running AMCL_CC------------
2024-01-27 02:41:07 - dataset: youtube
2024-01-27 02:41:07 - --------Run Number 1--------
2024-01-27 02:41:07 - Num WL: 10, Num Unlab 1586, Num Classes 2, Num Lab 100
2024-01-27 02:41:07 - Bound at time 0: 0.286419
2024-01-27 02:41:19 - Bound at time 100: 0.255921
2024-01-27 02:41:32 - Bound at time 200: 0.248570
2024-01-27 02:41:45 - Bound at time 300: 0.247415
2024-01-27 02:41:58 - Bound at time 400: 0.247229
2024-01-27 02:42:11 - ENDING PARAMETERS: [6.38696049e-05 1.65659802e-01 1.65937133e-04 0.00000000e+00
 1.64868305e-01 3.02534599e-01 2.47787769e-01 0.00000000e+00
 7.57751469e-02 4.31445709e-02]
2024-01-27 02:42:11 - ================Results================
2024-01-27 02:42:11 - time to fit: 64.0 seconds
2024-01-27 02:42:11 - train acc (train err): 0.6084 (0.3916)
2024-01-27 02:42:11 - train log loss: 0.7289
2024-01-27 02:42:11 - train brier score: 0.4785
2024-01-27 02:42:11 - --------Run Number 2--------
2024-01-27 02:42:11 - Num WL: 10, Num Unlab 1586, Num Classes 2, Num Lab 100
2024-01-27 02:42:11 - Bound at time 0: 0.293506
2024-01-27 02:42:24 - Bound at time 100: 0.267719
2024-01-27 02:42:37 - Bound at time 200: 0.261417
2024-01-27 02:42:50 - Bound at time 300: 0.260283
2024-01-27 02:43:03 - Bound at time 400: 0.259957
2024-01-27 02:43:15 - ENDING PARAMETERS: [4.91165990e-03 1.69122651e-01 1.17063548e-04 0.00000000e+00
 1.25729594e-01 2.87027446e-01 2.69906815e-01 0.00000000e+00
 5.81343631e-02 8.50504086e-02]
2024-01-27 02:43:15 - ================Results================
2024-01-27 02:43:15 - time to fit: 64.8 seconds
2024-01-27 02:43:15 - train acc (train err): 0.6072 (0.3928)
2024-01-27 02:43:15 - train log loss: 0.7150
2024-01-27 02:43:15 - train brier score: 0.4775
2024-01-27 02:43:15 - --------Run Number 3--------
2024-01-27 02:43:15 - Num WL: 10, Num Unlab 1586, Num Classes 2, Num Lab 100
2024-01-27 02:43:16 - Bound at time 0: 0.290554
2024-01-27 02:43:29 - Bound at time 100: 0.267012
2024-01-27 02:43:42 - Bound at time 200: 0.261014
2024-01-27 02:43:55 - Bound at time 300: 0.259880
2024-01-27 02:44:08 - Bound at time 400: 0.259578
2024-01-27 02:44:21 - ENDING PARAMETERS: [1.18052488e-04 1.41694119e-01 7.09185869e-02 0.00000000e+00
 1.19001051e-01 3.03283784e-01 2.47363710e-01 0.00000000e+00
 1.54467891e-02 1.02173908e-01]
2024-01-27 02:44:21 - ================Results================
2024-01-27 02:44:21 - time to fit: 65.5 seconds
2024-01-27 02:44:21 - train acc (train err): 0.6154 (0.3846)
2024-01-27 02:44:21 - train log loss: 0.6861
2024-01-27 02:44:21 - train brier score: 0.4667
2024-01-27 02:44:21 - --------Run Number 4--------
2024-01-27 02:44:21 - Num WL: 10, Num Unlab 1586, Num Classes 2, Num Lab 100
2024-01-27 02:44:22 - Bound at time 0: 0.276526
2024-01-27 02:44:35 - Bound at time 100: 0.251966
2024-01-27 02:44:48 - Bound at time 200: 0.247650
2024-01-27 02:45:01 - Bound at time 300: 0.246643
2024-01-27 02:45:13 - Bound at time 400: 0.246449
2024-01-27 02:45:26 - ENDING PARAMETERS: [0.         0.11090242 0.04047987 0.         0.14515313 0.2703527
 0.25071053 0.         0.09891445 0.08348689]
2024-01-27 02:45:26 - ================Results================
2024-01-27 02:45:26 - time to fit: 64.6 seconds
2024-01-27 02:45:26 - train acc (train err): 0.6154 (0.3846)
2024-01-27 02:45:26 - train log loss: 0.7100
2024-01-27 02:45:26 - train brier score: 0.4732
2024-01-27 02:45:26 - --------Run Number 5--------
2024-01-27 02:45:26 - Num WL: 10, Num Unlab 1586, Num Classes 2, Num Lab 100
2024-01-27 02:45:26 - Bound at time 0: 0.292513
2024-01-27 02:45:39 - Bound at time 100: 0.266931
2024-01-27 02:45:51 - Bound at time 200: 0.260643
2024-01-27 02:46:04 - Bound at time 300: 0.259534
2024-01-27 02:46:16 - Bound at time 400: 0.259322
2024-01-27 02:46:28 - ENDING PARAMETERS: [0.00000000e+00 1.62446396e-01 3.21392585e-02 0.00000000e+00
 1.21002951e-01 3.01735198e-01 2.46199737e-01 2.77497854e-05
 5.39516984e-02 8.24970121e-02]
2024-01-27 02:46:28 - ================Results================
2024-01-27 02:46:28 - time to fit: 62.7 seconds
2024-01-27 02:46:28 - train acc (train err): 0.6034 (0.3966)
2024-01-27 02:46:28 - train log loss: 0.6943
2024-01-27 02:46:28 - train brier score: 0.4705
2024-01-27 02:46:28 - --------Run Number 6--------
2024-01-27 02:46:28 - Num WL: 10, Num Unlab 1586, Num Classes 2, Num Lab 100
2024-01-27 02:46:29 - Bound at time 0: 0.287481
2024-01-27 02:46:41 - Bound at time 100: 0.259874
2024-01-27 02:46:54 - Bound at time 200: 0.255020
2024-01-27 02:47:06 - Bound at time 300: 0.254272
2024-01-27 02:47:18 - Bound at time 400: 0.254112
2024-01-27 02:47:31 - ENDING PARAMETERS: [0.00000000e+00 2.39727840e-01 4.66904220e-02 2.66283725e-05
 1.18070840e-01 2.46059922e-01 1.87390827e-01 0.00000000e+00
 3.74232975e-02 1.24610223e-01]
2024-01-27 02:47:31 - ================Results================
2024-01-27 02:47:31 - time to fit: 62.5 seconds
2024-01-27 02:47:31 - train acc (train err): 0.6141 (0.3859)
2024-01-27 02:47:31 - train log loss: 0.6995
2024-01-27 02:47:31 - train brier score: 0.4645
2024-01-27 02:47:31 - --------Run Number 7--------
2024-01-27 02:47:31 - Num WL: 10, Num Unlab 1586, Num Classes 2, Num Lab 100
2024-01-27 02:47:31 - Bound at time 0: 0.290539
2024-01-27 02:47:44 - Bound at time 100: 0.266201
2024-01-27 02:47:56 - Bound at time 200: 0.260618
2024-01-27 02:48:08 - Bound at time 300: 0.260014
2024-01-27 02:48:21 - Bound at time 400: 0.259871
2024-01-27 02:48:33 - ENDING PARAMETERS: [0.00000000e+00 2.28719661e-01 7.84282232e-02 0.00000000e+00
 7.51457964e-02 2.12539225e-01 2.42785359e-01 9.78761470e-06
 1.24751760e-01 3.76201886e-02]
2024-01-27 02:48:33 - ================Results================
2024-01-27 02:48:33 - time to fit: 62.2 seconds
2024-01-27 02:48:33 - train acc (train err): 0.6154 (0.3846)
2024-01-27 02:48:33 - train log loss: 0.6998
2024-01-27 02:48:33 - train brier score: 0.4764
2024-01-27 02:48:33 - --------Run Number 8--------
2024-01-27 02:48:33 - Num WL: 10, Num Unlab 1586, Num Classes 2, Num Lab 100
2024-01-27 02:48:34 - Bound at time 0: 0.304511
2024-01-27 02:48:46 - Bound at time 100: 0.279262
2024-01-27 02:48:58 - Bound at time 200: 0.274942
2024-01-27 02:49:11 - Bound at time 300: 0.273777
2024-01-27 02:49:23 - Bound at time 400: 0.273453
2024-01-27 02:49:35 - ENDING PARAMETERS: [9.12560331e-05 2.03398176e-01 5.28656556e-02 7.04809254e-03
 6.69682030e-02 2.84765335e-01 2.33663293e-01 0.00000000e+00
 5.87325109e-02 9.24674777e-02]
2024-01-27 02:49:35 - ================Results================
2024-01-27 02:49:35 - time to fit: 62.5 seconds
2024-01-27 02:49:35 - train acc (train err): 0.6135 (0.3865)
2024-01-27 02:49:35 - train log loss: 0.6871
2024-01-27 02:49:35 - train brier score: 0.4672
2024-01-27 02:49:35 - --------Run Number 9--------
2024-01-27 02:49:35 - Num WL: 10, Num Unlab 1586, Num Classes 2, Num Lab 100
2024-01-27 02:49:36 - Bound at time 0: 0.282560
2024-01-27 02:49:49 - Bound at time 100: 0.259563
2024-01-27 02:50:01 - Bound at time 200: 0.255255
2024-01-27 02:50:13 - Bound at time 300: 0.254902
2024-01-27 02:50:26 - Bound at time 400: 0.254812
2024-01-27 02:50:38 - ENDING PARAMETERS: [0.         0.15326697 0.10175243 0.         0.10819927 0.21912132
 0.23926331 0.         0.06713023 0.11126647]
2024-01-27 02:50:38 - ================Results================
2024-01-27 02:50:38 - time to fit: 62.3 seconds
2024-01-27 02:50:38 - train acc (train err): 0.6059 (0.3941)
2024-01-27 02:50:38 - train log loss: 0.6954
2024-01-27 02:50:38 - train brier score: 0.4647
2024-01-27 02:50:38 - --------Run Number 10--------
2024-01-27 02:50:38 - Num WL: 10, Num Unlab 1586, Num Classes 2, Num Lab 100
2024-01-27 02:50:38 - Bound at time 0: 0.288538
2024-01-27 02:50:51 - Bound at time 100: 0.264020
2024-01-27 02:51:03 - Bound at time 200: 0.260734
2024-01-27 02:51:15 - Bound at time 300: 0.260263
2024-01-27 02:51:28 - Bound at time 400: 0.260178
2024-01-27 02:51:40 - ENDING PARAMETERS: [0.         0.15777829 0.16582315 0.         0.09677376 0.20767717
 0.21152359 0.         0.05723309 0.10319094]
2024-01-27 02:51:40 - ================Results================
2024-01-27 02:51:40 - time to fit: 62.1 seconds
2024-01-27 02:51:40 - train acc (train err): 0.6135 (0.3865)
2024-01-27 02:51:40 - train log loss: 0.6907
2024-01-27 02:51:40 - train brier score: 0.4610
2024-01-27 02:51:40 - ================Aggregated Results================
2024-01-27 02:51:40 - Total number of runs: 10
2024-01-27 02:51:40 - Average time to fit 63.3 (std: 1.2)
2024-01-27 02:51:40 - train mean acc +- std (mean train err): 0.6112 +- 0.0043 (0.3888)
2024-01-27 02:51:40 - train mean log loss +- std: 0.7007 +- 0.0129
2024-01-27 02:51:40 - train mean brier score +- std: 0.4700 +- 0.0058
