2024-01-27 00:15:54 - ------------Running AMCL_CC------------
2024-01-27 00:15:54 - dataset: yelp
2024-01-27 00:15:54 - --------Run Number 1--------
2024-01-27 00:15:54 - Num WL: 8, Num Unlab 30400, Num Classes 2, Num Lab 100
2024-01-27 00:18:08 - Bound at time 0: 0.317550
2024-01-27 00:20:39 - Bound at time 100: 0.287206
2024-01-27 00:23:07 - Bound at time 200: 0.281764
2024-01-27 00:25:34 - Bound at time 300: 0.280804
2024-01-27 00:28:03 - Bound at time 400: 0.280604
2024-01-27 00:30:31 - ENDING PARAMETERS: [0.15854643 0.         0.43980853 0.01557671 0.07262867 0.14479559
 0.05968258 0.10896147]
2024-01-27 00:30:31 - ================Results================
2024-01-27 00:30:31 - time to fit: 877.4 seconds
2024-01-27 00:30:31 - train acc (train err): 0.6508 (0.3492)
2024-01-27 00:30:31 - train log loss: 0.8444
2024-01-27 00:30:31 - train brier score: 0.4764
2024-01-27 00:30:31 - --------Run Number 2--------
2024-01-27 00:30:31 - Num WL: 8, Num Unlab 30400, Num Classes 2, Num Lab 100
2024-01-27 00:32:37 - Bound at time 0: 0.337825
2024-01-27 00:35:04 - Bound at time 100: 0.321443
2024-01-27 00:37:42 - Bound at time 200: 0.318343
2024-01-27 00:40:25 - Bound at time 300: 0.317755
2024-01-27 00:43:02 - Bound at time 400: 0.317643
2024-01-27 00:45:45 - ENDING PARAMETERS: [0.07391238 0.06281527 0.29727546 0.00447972 0.26683795 0.03144491
 0.14666661 0.1165677 ]
2024-01-27 00:45:45 - ================Results================
2024-01-27 00:45:45 - time to fit: 914.1 seconds
2024-01-27 00:45:45 - train acc (train err): 0.6245 (0.3755)
2024-01-27 00:45:45 - train log loss: 0.7730
2024-01-27 00:45:45 - train brier score: 0.4797
2024-01-27 00:45:45 - --------Run Number 3--------
2024-01-27 00:45:45 - Num WL: 8, Num Unlab 30400, Num Classes 2, Num Lab 100
2024-01-27 00:47:58 - Bound at time 0: 0.294285
2024-01-27 00:50:28 - Bound at time 100: 0.287783
2024-01-27 00:53:08 - Bound at time 200: 0.286415
2024-01-27 00:55:45 - Bound at time 300: 0.286126
2024-01-27 00:58:17 - Bound at time 400: 0.286064
2024-01-27 01:00:54 - ENDING PARAMETERS: [0.08587452 0.07335416 0.25606264 0.0357429  0.07917674 0.16132619
 0.15787625 0.1505866 ]
2024-01-27 01:00:54 - ================Results================
2024-01-27 01:00:54 - time to fit: 908.6 seconds
2024-01-27 01:00:54 - train acc (train err): 0.6184 (0.3816)
2024-01-27 01:00:54 - train log loss: 0.7540
2024-01-27 01:00:54 - train brier score: 0.4748
2024-01-27 01:00:54 - --------Run Number 4--------
2024-01-27 01:00:54 - Num WL: 8, Num Unlab 30400, Num Classes 2, Num Lab 100
2024-01-27 01:03:00 - Bound at time 0: 0.314128
2024-01-27 01:05:30 - Bound at time 100: 0.299849
2024-01-27 01:08:00 - Bound at time 200: 0.298102
2024-01-27 01:10:35 - Bound at time 300: 0.297852
2024-01-27 01:13:08 - Bound at time 400: 0.297804
2024-01-27 01:15:42 - ENDING PARAMETERS: [0.         0.08457138 0.28750388 0.14294495 0.10776712 0.11177019
 0.16630838 0.0991341 ]
2024-01-27 01:15:42 - ================Results================
2024-01-27 01:15:42 - time to fit: 887.7 seconds
2024-01-27 01:15:42 - train acc (train err): 0.6272 (0.3728)
2024-01-27 01:15:42 - train log loss: 0.8164
2024-01-27 01:15:42 - train brier score: 0.4711
2024-01-27 01:15:42 - --------Run Number 5--------
2024-01-27 01:15:42 - Num WL: 8, Num Unlab 30400, Num Classes 2, Num Lab 100
2024-01-27 01:17:49 - Bound at time 0: 0.281543
2024-01-27 01:20:29 - Bound at time 100: 0.263218
2024-01-27 01:23:11 - Bound at time 200: 0.259717
2024-01-27 01:25:45 - Bound at time 300: 0.259201
2024-01-27 01:28:17 - Bound at time 400: 0.259102
2024-01-27 01:30:38 - ENDING PARAMETERS: [0.         0.02297409 0.22576196 0.08242548 0.06814589 0.11272253
 0.16842422 0.31954583]
2024-01-27 01:30:39 - ================Results================
2024-01-27 01:30:39 - time to fit: 896.8 seconds
2024-01-27 01:30:39 - train acc (train err): 0.5825 (0.4175)
2024-01-27 01:30:39 - train log loss: 0.8609
2024-01-27 01:30:39 - train brier score: 0.5040
2024-01-27 01:30:39 - --------Run Number 6--------
2024-01-27 01:30:39 - Num WL: 8, Num Unlab 30400, Num Classes 2, Num Lab 100
2024-01-27 01:32:41 - Bound at time 0: 0.305111
2024-01-27 01:35:05 - Bound at time 100: 0.278418
2024-01-27 01:37:27 - Bound at time 200: 0.273538
2024-01-27 01:39:48 - Bound at time 300: 0.272871
2024-01-27 01:42:11 - Bound at time 400: 0.272755
2024-01-27 01:44:35 - ENDING PARAMETERS: [0.19793454 0.11096626 0.36473304 0.15174496 0.17301758 0.
 0.         0.00160362]
2024-01-27 01:44:35 - ================Results================
2024-01-27 01:44:35 - time to fit: 836.1 seconds
2024-01-27 01:44:35 - train acc (train err): 0.6413 (0.3587)
2024-01-27 01:44:35 - train log loss: 1.0419
2024-01-27 01:44:35 - train brier score: 0.4781
2024-01-27 01:44:35 - --------Run Number 7--------
2024-01-27 01:44:35 - Num WL: 8, Num Unlab 30400, Num Classes 2, Num Lab 100
2024-01-27 01:46:38 - Bound at time 0: 0.296134
2024-01-27 01:49:00 - Bound at time 100: 0.263986
2024-01-27 01:51:23 - Bound at time 200: 0.261136
2024-01-27 01:53:52 - Bound at time 300: 0.260561
2024-01-27 01:56:22 - Bound at time 400: 0.260441
2024-01-27 01:58:50 - ENDING PARAMETERS: [1.43371898e-01 1.52294524e-01 2.91540771e-01 2.71655840e-01
 1.11830131e-04 0.00000000e+00 3.67108500e-02 1.04314287e-01]
2024-01-27 01:58:50 - ================Results================
2024-01-27 01:58:50 - time to fit: 855.3 seconds
2024-01-27 01:58:50 - train acc (train err): 0.6104 (0.3896)
2024-01-27 01:58:50 - train log loss: 0.8875
2024-01-27 01:58:50 - train brier score: 0.4896
2024-01-27 01:58:50 - --------Run Number 8--------
2024-01-27 01:58:50 - Num WL: 8, Num Unlab 30400, Num Classes 2, Num Lab 100
2024-01-27 02:00:52 - Bound at time 0: 0.301273
2024-01-27 02:03:13 - Bound at time 100: 0.269444
2024-01-27 02:05:34 - Bound at time 200: 0.263168
2024-01-27 02:07:55 - Bound at time 300: 0.262036
2024-01-27 02:10:17 - Bound at time 400: 0.261845
2024-01-27 02:12:38 - ENDING PARAMETERS: [4.81781387e-02 1.01670004e-01 4.50396184e-01 1.80330112e-01
 8.41241529e-05 2.52613514e-05 1.24591324e-01 9.47248518e-02]
2024-01-27 02:12:38 - ================Results================
2024-01-27 02:12:38 - time to fit: 827.8 seconds
2024-01-27 02:12:38 - train acc (train err): 0.6447 (0.3553)
2024-01-27 02:12:38 - train log loss: 0.8210
2024-01-27 02:12:38 - train brier score: 0.4798
2024-01-27 02:12:38 - --------Run Number 9--------
2024-01-27 02:12:38 - Num WL: 8, Num Unlab 30400, Num Classes 2, Num Lab 100
2024-01-27 02:14:39 - Bound at time 0: 0.323979
2024-01-27 02:17:01 - Bound at time 100: 0.302682
2024-01-27 02:19:25 - Bound at time 200: 0.299420
2024-01-27 02:21:50 - Bound at time 300: 0.298877
2024-01-27 02:24:20 - Bound at time 400: 0.298769
2024-01-27 02:26:48 - ENDING PARAMETERS: [0.17404979 0.         0.3464812  0.14523131 0.02760086 0.05634763
 0.09048724 0.15980196]
2024-01-27 02:26:49 - ================Results================
2024-01-27 02:26:49 - time to fit: 850.5 seconds
2024-01-27 02:26:49 - train acc (train err): 0.6394 (0.3606)
2024-01-27 02:26:49 - train log loss: 0.8302
2024-01-27 02:26:49 - train brier score: 0.4718
2024-01-27 02:26:49 - --------Run Number 10--------
2024-01-27 02:26:49 - Num WL: 8, Num Unlab 30400, Num Classes 2, Num Lab 100
2024-01-27 02:28:58 - Bound at time 0: 0.294990
2024-01-27 02:31:26 - Bound at time 100: 0.261947
2024-01-27 02:33:55 - Bound at time 200: 0.256521
2024-01-27 02:36:21 - Bound at time 300: 0.255551
2024-01-27 02:38:45 - Bound at time 400: 0.255357
2024-01-27 02:41:06 - ENDING PARAMETERS: [0.21208961 0.24487839 0.39107609 0.03241942 0.0102594  0.07738345
 0.03189364 0.        ]
2024-01-27 02:41:07 - ================Results================
2024-01-27 02:41:07 - time to fit: 858.0 seconds
2024-01-27 02:41:07 - train acc (train err): 0.6221 (0.3779)
2024-01-27 02:41:07 - train log loss: 0.8783
2024-01-27 02:41:07 - train brier score: 0.4968
2024-01-27 02:41:07 - ================Aggregated Results================
2024-01-27 02:41:07 - Total number of runs: 10
2024-01-27 02:41:07 - Average time to fit 871.2 (std: 28.6)
2024-01-27 02:41:07 - train mean acc +- std (mean train err): 0.6261 +- 0.0189 (0.3739)
2024-01-27 02:41:07 - train mean log loss +- std: 0.8508 +- 0.0753
2024-01-27 02:41:07 - train mean brier score +- std: 0.4822 +- 0.0105
