2023-09-27 00:52:59 - ------------Running Snorkel------------
2023-09-27 00:52:59 - dataset: sms
2023-09-27 00:52:59 - --------Run Number 1--------
2023-09-27 00:52:59 - ================Results================
2023-09-27 00:52:59 - train acc (train err): 0.6786 (0.3214)
2023-09-27 00:52:59 - train log loss: 0.5068
2023-09-27 00:52:59 - train brier score: 0.3372
2023-09-27 00:52:59 - --------Run Number 2--------
2023-09-27 00:53:00 - ================Results================
2023-09-27 00:53:00 - train acc (train err): 0.6786 (0.3214)
2023-09-27 00:53:00 - train log loss: 0.5228
2023-09-27 00:53:00 - train brier score: 0.3485
2023-09-27 00:53:00 - --------Run Number 3--------
2023-09-27 00:53:00 - ================Results================
2023-09-27 00:53:00 - train acc (train err): 0.6769 (0.3231)
2023-09-27 00:53:00 - train log loss: 0.4933
2023-09-27 00:53:00 - train brier score: 0.3293
2023-09-27 00:53:00 - --------Run Number 4--------
2023-09-27 00:53:00 - ================Results================
2023-09-27 00:53:00 - train acc (train err): 0.6786 (0.3214)
2023-09-27 00:53:00 - train log loss: 0.5075
2023-09-27 00:53:00 - train brier score: 0.3377
2023-09-27 00:53:00 - --------Run Number 5--------
2023-09-27 00:53:00 - ================Results================
2023-09-27 00:53:00 - train acc (train err): 0.6786 (0.3214)
2023-09-27 00:53:00 - train log loss: 0.5400
2023-09-27 00:53:00 - train brier score: 0.3616
2023-09-27 00:53:00 - --------Run Number 6--------
2023-09-27 00:53:01 - ================Results================
2023-09-27 00:53:01 - train acc (train err): 0.6786 (0.3214)
2023-09-27 00:53:01 - train log loss: 0.5342
2023-09-27 00:53:01 - train brier score: 0.3571
2023-09-27 00:53:01 - --------Run Number 7--------
2023-09-27 00:53:01 - ================Results================
2023-09-27 00:53:01 - train acc (train err): 0.6786 (0.3214)
2023-09-27 00:53:01 - train log loss: 0.6335
2023-09-27 00:53:01 - train brier score: 0.4433
2023-09-27 00:53:01 - --------Run Number 8--------
2023-09-27 00:53:01 - ================Results================
2023-09-27 00:53:01 - train acc (train err): 0.6771 (0.3229)
2023-09-27 00:53:01 - train log loss: 0.4920
2023-09-27 00:53:01 - train brier score: 0.3288
2023-09-27 00:53:01 - --------Run Number 9--------
2023-09-27 00:53:01 - ================Results================
2023-09-27 00:53:01 - train acc (train err): 0.6771 (0.3229)
2023-09-27 00:53:01 - train log loss: 0.5037
2023-09-27 00:53:01 - train brier score: 0.3352
2023-09-27 00:53:01 - --------Run Number 10--------
2023-09-27 00:53:01 - ================Results================
2023-09-27 00:53:01 - train acc (train err): 0.6786 (0.3214)
2023-09-27 00:53:01 - train log loss: 0.5531
2023-09-27 00:53:01 - train brier score: 0.3721
2023-09-27 00:53:01 - ================Aggregated Results================
2023-09-27 00:53:01 - Total number of runs: 10
2023-09-27 00:53:01 - train mean acc +- std (mean train err): 0.6781 +- 0.0007 (0.3219)
2023-09-27 00:53:01 - train mean log loss +- std: 0.5287 +- 0.0399
2023-09-27 00:53:01 - train mean brier score +- std: 0.3551 +- 0.0325
