2024-01-22 00:45:32 - ----------Running New Instance----------
2024-01-22 00:45:32 - dataset: sms, n_class: 2
2024-01-22 00:45:32 - constraint type: accuracy, add MV const: False
2024-01-22 00:45:32 - labeled set: train, use inequalities: False
2024-01-22 00:45:32 - bound method: binomial
2024-01-22 00:45:32 - ----Estimating Probabilities----
2024-01-22 00:45:32 - 32 out of 4571 labeled datapoints on average per rule 
2024-01-22 00:45:32 - 73 rules with labeled data out of 73 total
2024-01-22 00:45:32 - Number of labeled predictions per rule: [  60   35    1    9    3    6   11    1    2    3    1 1323    1   16
   63   36    3   32    3   13   15    6   88    5    2    5  132   14
    4    2    3    2    9   40    2    1    6  134    2    5    2    4
    9    5   15    1    1    6    1    4   12    1    2    1   26    8
    1   29    6    2    6   25    7   12    5   15   12   28   12    6
    6   16    5]
2024-01-22 00:45:33 - ================Results================
2024-01-22 00:45:33 - time to fit: 0.5 seconds
2024-01-22 00:45:33 - train acc (train err): 0.9191 (0.0809)
2024-01-22 00:45:33 - wmrc train log loss upper bound 0.2550
2024-01-22 00:45:33 - train log loss: 0.2550
2024-01-22 00:45:33 - train brier score: 0.1427
2024-01-22 00:45:33 - test acc (test err): 0.8440 (0.1560)
2024-01-22 00:45:33 - test log loss: 1.0507
2024-01-22 00:45:33 - test brier score: 0.2837
