2023-09-27 00:53:01 - ------------Running Snorkel------------
2023-09-27 00:53:01 - dataset: yelp
2023-09-27 00:53:01 - --------Run Number 1--------
2023-09-27 00:53:02 - ================Results================
2023-09-27 00:53:02 - train acc (train err): 0.5320 (0.4680)
2023-09-27 00:53:02 - train log loss: 2.7922
2023-09-27 00:53:02 - train brier score: 0.7324
2023-09-27 00:53:02 - --------Run Number 2--------
2023-09-27 00:53:02 - ================Results================
2023-09-27 00:53:02 - train acc (train err): 0.5320 (0.4680)
2023-09-27 00:53:02 - train log loss: 3.2292
2023-09-27 00:53:02 - train brier score: 0.7344
2023-09-27 00:53:02 - --------Run Number 3--------
2023-09-27 00:53:02 - ================Results================
2023-09-27 00:53:02 - train acc (train err): 0.5324 (0.4676)
2023-09-27 00:53:02 - train log loss: 2.4434
2023-09-27 00:53:02 - train brier score: 0.7032
2023-09-27 00:53:02 - --------Run Number 4--------
2023-09-27 00:53:02 - ================Results================
2023-09-27 00:53:02 - train acc (train err): 0.5321 (0.4679)
2023-09-27 00:53:02 - train log loss: 2.5502
2023-09-27 00:53:02 - train brier score: 0.7200
2023-09-27 00:53:02 - --------Run Number 5--------
2023-09-27 00:53:02 - ================Results================
2023-09-27 00:53:02 - train acc (train err): 0.5321 (0.4679)
2023-09-27 00:53:02 - train log loss: 2.6234
2023-09-27 00:53:02 - train brier score: 0.7266
2023-09-27 00:53:02 - --------Run Number 6--------
2023-09-27 00:53:02 - ================Results================
2023-09-27 00:53:02 - train acc (train err): 0.5321 (0.4679)
2023-09-27 00:53:02 - train log loss: 2.5694
2023-09-27 00:53:02 - train brier score: 0.7221
2023-09-27 00:53:02 - --------Run Number 7--------
2023-09-27 00:53:03 - ================Results================
2023-09-27 00:53:03 - train acc (train err): 0.5324 (0.4676)
2023-09-27 00:53:03 - train log loss: 2.1916
2023-09-27 00:53:03 - train brier score: 0.6458
2023-09-27 00:53:03 - --------Run Number 8--------
2023-09-27 00:53:03 - ================Results================
2023-09-27 00:53:03 - train acc (train err): 0.5320 (0.4680)
2023-09-27 00:53:03 - train log loss: 2.8455
2023-09-27 00:53:03 - train brier score: 0.7330
2023-09-27 00:53:03 - --------Run Number 9--------
2023-09-27 00:53:03 - ================Results================
2023-09-27 00:53:03 - train acc (train err): 0.5323 (0.4677)
2023-09-27 00:53:03 - train log loss: 2.4574
2023-09-27 00:53:03 - train brier score: 0.7058
2023-09-27 00:53:03 - --------Run Number 10--------
2023-09-27 00:53:03 - ================Results================
2023-09-27 00:53:03 - train acc (train err): 0.5324 (0.4676)
2023-09-27 00:53:03 - train log loss: 2.3510
2023-09-27 00:53:03 - train brier score: 0.6843
2023-09-27 00:53:03 - ================Aggregated Results================
2023-09-27 00:53:03 - Total number of runs: 10
2023-09-27 00:53:03 - train mean acc +- std (mean train err): 0.5322 +- 0.0001 (0.4678)
2023-09-27 00:53:03 - train mean log loss +- std: 2.6053 +- 0.2776
2023-09-27 00:53:03 - train mean brier score +- std: 0.7107 +- 0.0265
