2023-09-27 01:13:15 - ------------Running EBCC------------
2023-09-27 01:13:15 - dataset: sms
2023-09-27 01:13:15 - --------Run Number 1--------
2023-09-27 01:13:31 - ================Results================
2023-09-27 01:13:31 - train acc (train err): 0.9184 (0.0816)
2023-09-27 01:13:31 - train log loss: 0.4297
2023-09-27 01:13:31 - train brier score: 0.2546
2023-09-27 01:13:31 - ------Computing Confidence Intervals------
2023-09-27 01:14:10 - number invalid intervals 9118 (99.74 %)
2023-09-27 01:14:10 - minimum CI width: 0.0170
2023-09-27 01:14:10 - maximum CI width: 0.8881
2023-09-27 01:14:10 - mean CI width: 0.1347
2023-09-27 01:14:12 - --------Run Number 2--------
2023-09-27 01:14:28 - ================Results================
2023-09-27 01:14:28 - train acc (train err): 0.9184 (0.0816)
2023-09-27 01:14:28 - train log loss: 0.4297
2023-09-27 01:14:28 - train brier score: 0.2546
2023-09-27 01:14:28 - --------Run Number 3--------
2023-09-27 01:14:43 - ================Results================
2023-09-27 01:14:43 - train acc (train err): 0.9184 (0.0816)
2023-09-27 01:14:43 - train log loss: 0.4297
2023-09-27 01:14:43 - train brier score: 0.2546
2023-09-27 01:14:43 - --------Run Number 4--------
2023-09-27 01:14:59 - ================Results================
2023-09-27 01:14:59 - train acc (train err): 0.9184 (0.0816)
2023-09-27 01:14:59 - train log loss: 0.4297
2023-09-27 01:14:59 - train brier score: 0.2546
2023-09-27 01:14:59 - --------Run Number 5--------
2023-09-27 01:15:14 - ================Results================
2023-09-27 01:15:14 - train acc (train err): 0.9184 (0.0816)
2023-09-27 01:15:14 - train log loss: 0.4297
2023-09-27 01:15:14 - train brier score: 0.2546
2023-09-27 01:15:14 - --------Run Number 6--------
2023-09-27 01:15:30 - ================Results================
2023-09-27 01:15:30 - train acc (train err): 0.9184 (0.0816)
2023-09-27 01:15:30 - train log loss: 0.4297
2023-09-27 01:15:30 - train brier score: 0.2546
2023-09-27 01:15:30 - --------Run Number 7--------
2023-09-27 01:15:45 - ================Results================
2023-09-27 01:15:45 - train acc (train err): 0.9184 (0.0816)
2023-09-27 01:15:45 - train log loss: 0.4297
2023-09-27 01:15:45 - train brier score: 0.2546
2023-09-27 01:15:45 - --------Run Number 8--------
2023-09-27 01:16:00 - ================Results================
2023-09-27 01:16:00 - train acc (train err): 0.9184 (0.0816)
2023-09-27 01:16:00 - train log loss: 0.4297
2023-09-27 01:16:00 - train brier score: 0.2546
2023-09-27 01:16:00 - --------Run Number 9--------
2023-09-27 01:16:16 - ================Results================
2023-09-27 01:16:16 - train acc (train err): 0.9184 (0.0816)
2023-09-27 01:16:16 - train log loss: 0.4297
2023-09-27 01:16:16 - train brier score: 0.2546
2023-09-27 01:16:16 - --------Run Number 10--------
2023-09-27 01:16:31 - ================Results================
2023-09-27 01:16:31 - train acc (train err): 0.9184 (0.0816)
2023-09-27 01:16:31 - train log loss: 0.4297
2023-09-27 01:16:31 - train brier score: 0.2546
2023-09-27 01:16:31 - ================Aggregated Results================
2023-09-27 01:16:31 - Total number of runs: 10
2023-09-27 01:16:31 - train mean acc +- std (mean train err): 0.9184 +- 0.0000 (0.0816)
2023-09-27 01:16:31 - train mean log loss +- std: 0.4297 +- 0.0000
2023-09-27 01:16:31 - train mean brier score +- std: 0.2546 +- 0.0000
