2024-01-26 21:02:40 - ------------Running AMCL_CC------------
2024-01-26 21:02:40 - dataset: cardio
2024-01-26 21:02:40 - --------Run Number 1--------
2024-01-26 21:02:40 - Num WL: 3, Num Unlab 289, Num Classes 2, Num Lab 100
2024-01-26 21:02:40 - Bound at time 0: 0.240572
2024-01-26 21:02:41 - Bound at time 100: 0.120669
2024-01-26 21:02:42 - Bound at time 200: 0.118141
2024-01-26 21:02:43 - Bound at time 300: 0.118047
2024-01-26 21:02:45 - Bound at time 400: 0.118046
2024-01-26 21:02:46 - ENDING PARAMETERS: [0.90419851 0.         0.09580149]
2024-01-26 21:02:46 - ================Results================
2024-01-26 21:02:46 - time to fit: 6.5 seconds
2024-01-26 21:02:46 - train acc (train err): 0.9689 (0.0311)
2024-01-26 21:02:46 - train log loss: 0.4463
2024-01-26 21:02:46 - train brier score: 0.0618
2024-01-26 21:02:46 - --------Run Number 2--------
2024-01-26 21:02:46 - Num WL: 3, Num Unlab 289, Num Classes 2, Num Lab 100
2024-01-26 21:02:46 - Bound at time 0: 0.260516
2024-01-26 21:02:47 - Bound at time 100: 0.137043
2024-01-26 21:02:49 - Bound at time 200: 0.135936
2024-01-26 21:02:50 - Bound at time 300: 0.135885
2024-01-26 21:02:51 - Bound at time 400: 0.135883
2024-01-26 21:02:53 - ENDING PARAMETERS: [0.87950568 0.         0.12049432]
2024-01-26 21:02:53 - ================Results================
2024-01-26 21:02:53 - time to fit: 6.5 seconds
2024-01-26 21:02:53 - train acc (train err): 0.9689 (0.0311)
2024-01-26 21:02:53 - train log loss: 0.4522
2024-01-26 21:02:53 - train brier score: 0.0641
2024-01-26 21:02:53 - --------Run Number 3--------
2024-01-26 21:02:53 - Num WL: 3, Num Unlab 289, Num Classes 2, Num Lab 100
2024-01-26 21:02:53 - Bound at time 0: 0.270841
2024-01-26 21:02:54 - Bound at time 100: 0.114492
2024-01-26 21:02:55 - Bound at time 200: 0.111686
2024-01-26 21:02:57 - Bound at time 300: 0.111599
2024-01-26 21:02:58 - Bound at time 400: 0.111595
2024-01-26 21:02:59 - ENDING PARAMETERS: [0.97744384 0.         0.02255616]
2024-01-26 21:02:59 - ================Results================
2024-01-26 21:02:59 - time to fit: 6.5 seconds
2024-01-26 21:02:59 - train acc (train err): 0.9689 (0.0311)
2024-01-26 21:02:59 - train log loss: 0.4461
2024-01-26 21:02:59 - train brier score: 0.0608
2024-01-26 21:02:59 - --------Run Number 4--------
2024-01-26 21:02:59 - Num WL: 3, Num Unlab 289, Num Classes 2, Num Lab 100
2024-01-26 21:02:59 - Bound at time 0: 0.230229
2024-01-26 21:03:00 - Bound at time 100: 0.101584
2024-01-26 21:03:02 - Bound at time 200: 0.098985
2024-01-26 21:03:03 - Bound at time 300: 0.098945
2024-01-26 21:03:04 - Bound at time 400: 0.098944
2024-01-26 21:03:05 - ENDING PARAMETERS: [0.91629234 0.         0.08370766]
2024-01-26 21:03:05 - ================Results================
2024-01-26 21:03:05 - time to fit: 6.4 seconds
2024-01-26 21:03:05 - train acc (train err): 0.9689 (0.0311)
2024-01-26 21:03:05 - train log loss: 0.4439
2024-01-26 21:03:05 - train brier score: 0.0611
2024-01-26 21:03:05 - --------Run Number 5--------
2024-01-26 21:03:05 - Num WL: 3, Num Unlab 289, Num Classes 2, Num Lab 100
2024-01-26 21:03:06 - Bound at time 0: 0.227311
2024-01-26 21:03:07 - Bound at time 100: 0.107802
2024-01-26 21:03:08 - Bound at time 200: 0.105927
2024-01-26 21:03:09 - Bound at time 300: 0.105885
2024-01-26 21:03:11 - Bound at time 400: 0.105883
2024-01-26 21:03:12 - ENDING PARAMETERS: [0.87951549 0.         0.12048451]
2024-01-26 21:03:12 - ================Results================
2024-01-26 21:03:12 - time to fit: 6.6 seconds
2024-01-26 21:03:12 - train acc (train err): 0.9689 (0.0311)
2024-01-26 21:03:12 - train log loss: 0.4522
2024-01-26 21:03:12 - train brier score: 0.0641
2024-01-26 21:03:12 - --------Run Number 6--------
2024-01-26 21:03:12 - Num WL: 3, Num Unlab 289, Num Classes 2, Num Lab 100
2024-01-26 21:03:12 - Bound at time 0: 0.309168
2024-01-26 21:03:13 - Bound at time 100: 0.154652
2024-01-26 21:03:15 - Bound at time 200: 0.151675
2024-01-26 21:03:16 - Bound at time 300: 0.151599
2024-01-26 21:03:17 - Bound at time 400: 0.151595
2024-01-26 21:03:18 - ENDING PARAMETERS: [0.97745312 0.         0.02254688]
2024-01-26 21:03:18 - ================Results================
2024-01-26 21:03:18 - time to fit: 6.4 seconds
2024-01-26 21:03:18 - train acc (train err): 0.9689 (0.0311)
2024-01-26 21:03:18 - train log loss: 0.4461
2024-01-26 21:03:18 - train brier score: 0.0608
2024-01-26 21:03:18 - --------Run Number 7--------
2024-01-26 21:03:18 - Num WL: 3, Num Unlab 289, Num Classes 2, Num Lab 100
2024-01-26 21:03:19 - Bound at time 0: 0.260572
2024-01-26 21:03:20 - Bound at time 100: 0.140669
2024-01-26 21:03:21 - Bound at time 200: 0.138141
2024-01-26 21:03:22 - Bound at time 300: 0.138047
2024-01-26 21:03:24 - Bound at time 400: 0.138046
2024-01-26 21:03:25 - ENDING PARAMETERS: [0.90419851 0.         0.09580149]
2024-01-26 21:03:25 - ================Results================
2024-01-26 21:03:25 - time to fit: 6.4 seconds
2024-01-26 21:03:25 - train acc (train err): 0.9689 (0.0311)
2024-01-26 21:03:25 - train log loss: 0.4463
2024-01-26 21:03:25 - train brier score: 0.0618
2024-01-26 21:03:25 - --------Run Number 8--------
2024-01-26 21:03:25 - Num WL: 3, Num Unlab 289, Num Classes 2, Num Lab 100
2024-01-26 21:03:25 - Bound at time 0: 0.285962
2024-01-26 21:03:26 - Bound at time 100: 0.134426
2024-01-26 21:03:28 - Bound at time 200: 0.131490
2024-01-26 21:03:29 - Bound at time 300: 0.131420
2024-01-26 21:03:30 - Bound at time 400: 0.131417
2024-01-26 21:03:31 - ENDING PARAMETERS: [0.96959823 0.03040177 0.        ]
2024-01-26 21:03:31 - ================Results================
2024-01-26 21:03:31 - time to fit: 6.5 seconds
2024-01-26 21:03:31 - train acc (train err): 0.9689 (0.0311)
2024-01-26 21:03:31 - train log loss: 0.3357
2024-01-26 21:03:31 - train brier score: 0.0601
2024-01-26 21:03:31 - --------Run Number 9--------
2024-01-26 21:03:31 - Num WL: 3, Num Unlab 289, Num Classes 2, Num Lab 100
2024-01-26 21:03:31 - Bound at time 0: 0.238564
2024-01-26 21:03:33 - Bound at time 100: 0.151455
2024-01-26 21:03:34 - Bound at time 200: 0.149678
2024-01-26 21:03:35 - Bound at time 300: 0.149639
2024-01-26 21:03:37 - Bound at time 400: 0.149636
2024-01-26 21:03:38 - ENDING PARAMETERS: [0.82256955 0.07033431 0.10709614]
2024-01-26 21:03:38 - ================Results================
2024-01-26 21:03:38 - time to fit: 6.5 seconds
2024-01-26 21:03:38 - train acc (train err): 0.9689 (0.0311)
2024-01-26 21:03:38 - train log loss: 0.3596
2024-01-26 21:03:38 - train brier score: 0.0709
2024-01-26 21:03:38 - --------Run Number 10--------
2024-01-26 21:03:38 - Num WL: 3, Num Unlab 289, Num Classes 2, Num Lab 100
2024-01-26 21:03:38 - Bound at time 0: 0.212606
2024-01-26 21:03:39 - Bound at time 100: 0.142962
2024-01-26 21:03:41 - Bound at time 200: 0.141538
2024-01-26 21:03:42 - Bound at time 300: 0.141505
2024-01-26 21:03:43 - Bound at time 400: 0.141503
2024-01-26 21:03:44 - ENDING PARAMETERS: [0.770722   0.09483782 0.13444018]
2024-01-26 21:03:44 - ================Results================
2024-01-26 21:03:44 - time to fit: 6.5 seconds
2024-01-26 21:03:44 - train acc (train err): 0.9689 (0.0311)
2024-01-26 21:03:44 - train log loss: 0.3782
2024-01-26 21:03:44 - train brier score: 0.0825
2024-01-26 21:03:44 - ================Aggregated Results================
2024-01-26 21:03:44 - Total number of runs: 10
2024-01-26 21:03:44 - Average time to fit 6.5 (std: 0.1)
2024-01-26 21:03:44 - train mean acc +- std (mean train err): 0.9689 +- 0.0000 (0.0311)
2024-01-26 21:03:44 - train mean log loss +- std: 0.4207 +- 0.0423
2024-01-26 21:03:44 - train mean brier score +- std: 0.0648 +- 0.0066
