2023-09-27 01:16:31 - ------------Running EBCC------------
2023-09-27 01:16:31 - dataset: yelp
2023-09-27 01:16:31 - --------Run Number 1--------
2023-09-27 01:18:18 - ================Results================
2023-09-27 01:18:18 - train acc (train err): 0.6397 (0.3603)
2023-09-27 01:18:18 - train log loss: 0.8036
2023-09-27 01:18:18 - train brier score: 0.5094
2023-09-27 01:18:18 - ------Computing Confidence Intervals------
2023-09-27 01:19:50 - number invalid intervals 59382 (97.67 %)
2023-09-27 01:19:50 - minimum CI width: 0.0001
2023-09-27 01:19:50 - maximum CI width: 0.9775
2023-09-27 01:19:50 - mean CI width: 0.3104
2023-09-27 01:19:50 - --------Run Number 2--------
2023-09-27 01:21:36 - ================Results================
2023-09-27 01:21:36 - train acc (train err): 0.6397 (0.3603)
2023-09-27 01:21:36 - train log loss: 0.8057
2023-09-27 01:21:36 - train brier score: 0.5101
2023-09-27 01:21:36 - --------Run Number 3--------
2023-09-27 01:23:25 - ================Results================
2023-09-27 01:23:25 - train acc (train err): 0.6397 (0.3603)
2023-09-27 01:23:25 - train log loss: 0.8044
2023-09-27 01:23:25 - train brier score: 0.5098
2023-09-27 01:23:25 - --------Run Number 4--------
2023-09-27 01:25:12 - ================Results================
2023-09-27 01:25:12 - train acc (train err): 0.6397 (0.3603)
2023-09-27 01:25:12 - train log loss: 0.8118
2023-09-27 01:25:12 - train brier score: 0.5121
2023-09-27 01:25:12 - --------Run Number 5--------
2023-09-27 01:26:59 - ================Results================
2023-09-27 01:26:59 - train acc (train err): 0.6397 (0.3603)
2023-09-27 01:26:59 - train log loss: 0.8129
2023-09-27 01:26:59 - train brier score: 0.5128
2023-09-27 01:26:59 - --------Run Number 6--------
2023-09-27 01:28:47 - ================Results================
2023-09-27 01:28:47 - train acc (train err): 0.6400 (0.3600)
2023-09-27 01:28:47 - train log loss: 0.8066
2023-09-27 01:28:47 - train brier score: 0.5100
2023-09-27 01:28:47 - --------Run Number 7--------
2023-09-27 01:30:34 - ================Results================
2023-09-27 01:30:34 - train acc (train err): 0.6400 (0.3600)
2023-09-27 01:30:34 - train log loss: 0.7973
2023-09-27 01:30:34 - train brier score: 0.5068
2023-09-27 01:30:34 - --------Run Number 8--------
2023-09-27 01:32:23 - ================Results================
2023-09-27 01:32:23 - train acc (train err): 0.6400 (0.3600)
2023-09-27 01:32:23 - train log loss: 0.8054
2023-09-27 01:32:23 - train brier score: 0.5097
2023-09-27 01:32:23 - --------Run Number 9--------
2023-09-27 01:34:09 - ================Results================
2023-09-27 01:34:09 - train acc (train err): 0.6400 (0.3600)
2023-09-27 01:34:09 - train log loss: 0.8030
2023-09-27 01:34:09 - train brier score: 0.5089
2023-09-27 01:34:09 - --------Run Number 10--------
2023-09-27 01:35:59 - ================Results================
2023-09-27 01:35:59 - train acc (train err): 0.6397 (0.3603)
2023-09-27 01:35:59 - train log loss: 0.8161
2023-09-27 01:35:59 - train brier score: 0.5133
2023-09-27 01:35:59 - ================Aggregated Results================
2023-09-27 01:35:59 - Total number of runs: 10
2023-09-27 01:35:59 - train mean acc +- std (mean train err): 0.6398 +- 0.0001 (0.3602)
2023-09-27 01:35:59 - train mean log loss +- std: 0.8067 +- 0.0052
2023-09-27 01:35:59 - train mean brier score +- std: 0.5103 +- 0.0018
