2023-09-27 15:53:59 - ----------Running New Instance----------
2023-09-27 15:53:59 - dataset: youtube, n_class: 2
2023-09-27 15:53:59 - constraint type: accuracy, add MV const: False
2023-09-27 15:53:59 - labeled set: train, use inequalities: True
2023-09-27 15:53:59 - bound method: unsupervised
2023-09-27 15:53:59 - ----Estimating Probabilities----
2023-09-27 15:53:59 - 259 out of 1586 labeled datapoints on average per rule 
2023-09-27 15:53:59 - 10 rules with labeled data out of 10 total
2023-09-27 15:53:59 - Number of labeled predictions per rule: [315 202 189 178 225 371 358 131  56 567]
2023-09-27 15:53:59 - ----Estimating Probabilities----
2023-09-27 15:53:59 - 259 out of 1586 labeled datapoints on average per rule 
2023-09-27 15:53:59 - 10 rules with labeled data out of 10 total
2023-09-27 15:53:59 - Number of labeled predictions per rule: [315 202 189 178 225 371 358 131  56 567]
2023-09-27 15:53:59 - Bound probabilities scaled by: 1.100000
2023-09-27 15:53:59 - ================Results================
2023-09-27 15:53:59 - time to fit: 0.1 seconds
2023-09-27 15:53:59 - train acc (train err): 0.9035 (0.0965)
2023-09-27 15:53:59 - wmrc train log loss upper bound 0.1866
2023-09-27 15:53:59 - train log loss: 0.4308
2023-09-27 15:53:59 - train brier score: 0.1893
2023-09-27 15:53:59 - test acc (test err): 0.8560 (0.1440)
2023-09-27 15:53:59 - test log loss: 0.6650
2023-09-27 15:53:59 - test brier score: 0.2763
