2023-09-27 01:04:12 - ------------Running EBCC------------
2023-09-27 01:04:12 - dataset: domain
2023-09-27 01:04:12 - --------Run Number 1--------
2023-09-27 01:04:48 - ================Results================
2023-09-27 01:04:48 - train acc (train err): 0.5238 (0.4762)
2023-09-27 01:04:48 - train log loss: 1.8422
2023-09-27 01:04:48 - train brier score: 0.7517
2023-09-27 01:04:48 - ------Computing Confidence Intervals------
2023-09-27 01:05:02 - number invalid intervals 2887 (22.32 %)
2023-09-27 01:05:02 - minimum CI width: 0.0000
2023-09-27 01:05:02 - maximum CI width: 1.0000
2023-09-27 01:05:02 - mean CI width: 0.2352
2023-09-27 01:05:03 - --------Run Number 2--------
2023-09-27 01:05:38 - ================Results================
2023-09-27 01:05:38 - train acc (train err): 0.5095 (0.4905)
2023-09-27 01:05:38 - train log loss: 1.7527
2023-09-27 01:05:38 - train brier score: 0.7324
2023-09-27 01:05:38 - --------Run Number 3--------
2023-09-27 01:06:14 - ================Results================
2023-09-27 01:06:14 - train acc (train err): 0.5145 (0.4855)
2023-09-27 01:06:14 - train log loss: 1.7802
2023-09-27 01:06:14 - train brier score: 0.7419
2023-09-27 01:06:14 - --------Run Number 4--------
2023-09-27 01:06:50 - ================Results================
2023-09-27 01:06:50 - train acc (train err): 0.5218 (0.4782)
2023-09-27 01:06:50 - train log loss: 1.8272
2023-09-27 01:06:50 - train brier score: 0.7514
2023-09-27 01:06:50 - --------Run Number 5--------
2023-09-27 01:07:26 - ================Results================
2023-09-27 01:07:26 - train acc (train err): 0.5180 (0.4820)
2023-09-27 01:07:26 - train log loss: 1.7871
2023-09-27 01:07:26 - train brier score: 0.7426
2023-09-27 01:07:26 - --------Run Number 6--------
2023-09-27 01:08:02 - ================Results================
2023-09-27 01:08:02 - train acc (train err): 0.5222 (0.4778)
2023-09-27 01:08:02 - train log loss: 1.8286
2023-09-27 01:08:02 - train brier score: 0.7509
2023-09-27 01:08:02 - --------Run Number 7--------
2023-09-27 01:08:37 - ================Results================
2023-09-27 01:08:37 - train acc (train err): 0.5114 (0.4886)
2023-09-27 01:08:37 - train log loss: 1.7563
2023-09-27 01:08:37 - train brier score: 0.7335
2023-09-27 01:08:37 - --------Run Number 8--------
2023-09-27 01:09:13 - ================Results================
2023-09-27 01:09:13 - train acc (train err): 0.5141 (0.4859)
2023-09-27 01:09:13 - train log loss: 1.7816
2023-09-27 01:09:13 - train brier score: 0.7413
2023-09-27 01:09:13 - --------Run Number 9--------
2023-09-27 01:09:49 - ================Results================
2023-09-27 01:09:49 - train acc (train err): 0.5211 (0.4789)
2023-09-27 01:09:49 - train log loss: 1.8161
2023-09-27 01:09:49 - train brier score: 0.7478
2023-09-27 01:09:49 - --------Run Number 10--------
2023-09-27 01:10:24 - ================Results================
2023-09-27 01:10:24 - train acc (train err): 0.5203 (0.4797)
2023-09-27 01:10:24 - train log loss: 1.8126
2023-09-27 01:10:24 - train brier score: 0.7482
2023-09-27 01:10:24 - ================Aggregated Results================
2023-09-27 01:10:24 - Total number of runs: 10
2023-09-27 01:10:24 - train mean acc +- std (mean train err): 0.5177 +- 0.0047 (0.4823)
2023-09-27 01:10:24 - train mean log loss +- std: 1.7985 +- 0.0296
2023-09-27 01:10:24 - train mean brier score +- std: 0.7442 +- 0.0067
