2023-09-27 01:13:08 - ------------Running EBCC------------
2023-09-27 01:13:08 - dataset: obs
2023-09-27 01:13:08 - --------Run Number 1--------
2023-09-27 01:13:08 - ================Results================
2023-09-27 01:13:08 - train acc (train err): 0.7238 (0.2762)
2023-09-27 01:13:08 - train log loss: 2.2300
2023-09-27 01:13:08 - train brier score: 0.5508
2023-09-27 01:13:08 - ------Computing Confidence Intervals------
2023-09-27 01:13:09 - number invalid intervals 164 (34.31 %)
2023-09-27 01:13:09 - minimum CI width: 0.0028
2023-09-27 01:13:09 - maximum CI width: 0.8081
2023-09-27 01:13:09 - mean CI width: 0.0304
2023-09-27 01:13:12 - --------Run Number 2--------
2023-09-27 01:13:12 - ================Results================
2023-09-27 01:13:12 - train acc (train err): 0.7238 (0.2762)
2023-09-27 01:13:12 - train log loss: 2.2307
2023-09-27 01:13:12 - train brier score: 0.5508
2023-09-27 01:13:12 - --------Run Number 3--------
2023-09-27 01:13:13 - ================Results================
2023-09-27 01:13:13 - train acc (train err): 0.7238 (0.2762)
2023-09-27 01:13:13 - train log loss: 2.2297
2023-09-27 01:13:13 - train brier score: 0.5508
2023-09-27 01:13:13 - --------Run Number 4--------
2023-09-27 01:13:13 - ================Results================
2023-09-27 01:13:13 - train acc (train err): 0.7238 (0.2762)
2023-09-27 01:13:13 - train log loss: 2.2304
2023-09-27 01:13:13 - train brier score: 0.5508
2023-09-27 01:13:13 - --------Run Number 5--------
2023-09-27 01:13:13 - ================Results================
2023-09-27 01:13:13 - train acc (train err): 0.7238 (0.2762)
2023-09-27 01:13:13 - train log loss: 2.2308
2023-09-27 01:13:13 - train brier score: 0.5508
2023-09-27 01:13:13 - --------Run Number 6--------
2023-09-27 01:13:14 - ================Results================
2023-09-27 01:13:14 - train acc (train err): 0.7238 (0.2762)
2023-09-27 01:13:14 - train log loss: 2.2302
2023-09-27 01:13:14 - train brier score: 0.5508
2023-09-27 01:13:14 - --------Run Number 7--------
2023-09-27 01:13:14 - ================Results================
2023-09-27 01:13:14 - train acc (train err): 0.7238 (0.2762)
2023-09-27 01:13:14 - train log loss: 2.2295
2023-09-27 01:13:14 - train brier score: 0.5508
2023-09-27 01:13:14 - --------Run Number 8--------
2023-09-27 01:13:14 - ================Results================
2023-09-27 01:13:14 - train acc (train err): 0.7238 (0.2762)
2023-09-27 01:13:14 - train log loss: 2.2317
2023-09-27 01:13:14 - train brier score: 0.5508
2023-09-27 01:13:14 - --------Run Number 9--------
2023-09-27 01:13:15 - ================Results================
2023-09-27 01:13:15 - train acc (train err): 0.7238 (0.2762)
2023-09-27 01:13:15 - train log loss: 2.2296
2023-09-27 01:13:15 - train brier score: 0.5508
2023-09-27 01:13:15 - --------Run Number 10--------
2023-09-27 01:13:15 - ================Results================
2023-09-27 01:13:15 - train acc (train err): 0.7238 (0.2762)
2023-09-27 01:13:15 - train log loss: 2.2294
2023-09-27 01:13:15 - train brier score: 0.5508
2023-09-27 01:13:15 - ================Aggregated Results================
2023-09-27 01:13:15 - Total number of runs: 10
2023-09-27 01:13:15 - train mean acc +- std (mean train err): 0.7238 +- 0.0000 (0.2762)
2023-09-27 01:13:15 - train mean log loss +- std: 2.2302 +- 0.0007
2023-09-27 01:13:15 - train mean brier score +- std: 0.5508 +- 0.0000
