2023-09-27 01:10:24 - ------------Running EBCC------------
2023-09-27 01:10:24 - dataset: imdb
2023-09-27 01:10:24 - --------Run Number 1--------
2023-09-27 01:10:35 - ================Results================
2023-09-27 01:10:35 - train acc (train err): 0.7174 (0.2826)
2023-09-27 01:10:35 - train log loss: 0.7275
2023-09-27 01:10:35 - train brier score: 0.4460
2023-09-27 01:10:35 - ------Computing Confidence Intervals------
2023-09-27 01:11:25 - number invalid intervals 40000 (100.00 %)
2023-09-27 01:11:25 - minimum CI width: 0.0110
2023-09-27 01:11:25 - maximum CI width: 0.8034
2023-09-27 01:11:25 - mean CI width: 0.0405
2023-09-27 01:11:28 - --------Run Number 2--------
2023-09-27 01:11:39 - ================Results================
2023-09-27 01:11:39 - train acc (train err): 0.7174 (0.2826)
2023-09-27 01:11:39 - train log loss: 0.7275
2023-09-27 01:11:39 - train brier score: 0.4460
2023-09-27 01:11:39 - --------Run Number 3--------
2023-09-27 01:11:51 - ================Results================
2023-09-27 01:11:51 - train acc (train err): 0.7174 (0.2826)
2023-09-27 01:11:51 - train log loss: 0.7275
2023-09-27 01:11:51 - train brier score: 0.4460
2023-09-27 01:11:51 - --------Run Number 4--------
2023-09-27 01:12:02 - ================Results================
2023-09-27 01:12:02 - train acc (train err): 0.7174 (0.2826)
2023-09-27 01:12:02 - train log loss: 0.7275
2023-09-27 01:12:02 - train brier score: 0.4460
2023-09-27 01:12:02 - --------Run Number 5--------
2023-09-27 01:12:13 - ================Results================
2023-09-27 01:12:13 - train acc (train err): 0.7174 (0.2826)
2023-09-27 01:12:13 - train log loss: 0.7275
2023-09-27 01:12:13 - train brier score: 0.4460
2023-09-27 01:12:13 - --------Run Number 6--------
2023-09-27 01:12:24 - ================Results================
2023-09-27 01:12:24 - train acc (train err): 0.7174 (0.2826)
2023-09-27 01:12:24 - train log loss: 0.7274
2023-09-27 01:12:24 - train brier score: 0.4460
2023-09-27 01:12:24 - --------Run Number 7--------
2023-09-27 01:12:35 - ================Results================
2023-09-27 01:12:35 - train acc (train err): 0.7174 (0.2826)
2023-09-27 01:12:35 - train log loss: 0.7275
2023-09-27 01:12:35 - train brier score: 0.4460
2023-09-27 01:12:35 - --------Run Number 8--------
2023-09-27 01:12:46 - ================Results================
2023-09-27 01:12:46 - train acc (train err): 0.7174 (0.2826)
2023-09-27 01:12:46 - train log loss: 0.7275
2023-09-27 01:12:46 - train brier score: 0.4460
2023-09-27 01:12:46 - --------Run Number 9--------
2023-09-27 01:12:57 - ================Results================
2023-09-27 01:12:57 - train acc (train err): 0.7174 (0.2826)
2023-09-27 01:12:57 - train log loss: 0.7275
2023-09-27 01:12:57 - train brier score: 0.4460
2023-09-27 01:12:57 - --------Run Number 10--------
2023-09-27 01:13:08 - ================Results================
2023-09-27 01:13:08 - train acc (train err): 0.7174 (0.2826)
2023-09-27 01:13:08 - train log loss: 0.7274
2023-09-27 01:13:08 - train brier score: 0.4460
2023-09-27 01:13:08 - ================Aggregated Results================
2023-09-27 01:13:08 - Total number of runs: 10
2023-09-27 01:13:08 - train mean acc +- std (mean train err): 0.7174 +- 0.0000 (0.2826)
2023-09-27 01:13:08 - train mean log loss +- std: 0.7275 +- 0.0000
2023-09-27 01:13:08 - train mean brier score +- std: 0.4460 +- 0.0000
