2023-09-27 00:52:56 - ------------Running Snorkel------------
2023-09-27 00:52:56 - dataset: domain
2023-09-27 00:52:56 - --------Run Number 1--------
2023-09-27 00:52:56 - ================Results================
2023-09-27 00:52:56 - train acc (train err): 0.2810 (0.7190)
2023-09-27 00:52:56 - train log loss: 9.4344
2023-09-27 00:52:56 - train brier score: 1.3566
2023-09-27 00:52:56 - --------Run Number 2--------
2023-09-27 00:52:56 - ================Results================
2023-09-27 00:52:56 - train acc (train err): 0.2764 (0.7236)
2023-09-27 00:52:56 - train log loss: 8.8772
2023-09-27 00:52:56 - train brier score: 1.3567
2023-09-27 00:52:56 - --------Run Number 3--------
2023-09-27 00:52:57 - ================Results================
2023-09-27 00:52:57 - train acc (train err): 0.2810 (0.7190)
2023-09-27 00:52:57 - train log loss: 9.1724
2023-09-27 00:52:57 - train brier score: 1.3566
2023-09-27 00:52:57 - --------Run Number 4--------
2023-09-27 00:52:57 - ================Results================
2023-09-27 00:52:57 - train acc (train err): 0.2810 (0.7190)
2023-09-27 00:52:57 - train log loss: 9.3862
2023-09-27 00:52:57 - train brier score: 1.3566
2023-09-27 00:52:57 - --------Run Number 5--------
2023-09-27 00:52:57 - ================Results================
2023-09-27 00:52:57 - train acc (train err): 0.2690 (0.7310)
2023-09-27 00:52:57 - train log loss: 9.7579
2023-09-27 00:52:57 - train brier score: 1.3575
2023-09-27 00:52:57 - --------Run Number 6--------
2023-09-27 00:52:57 - ================Results================
2023-09-27 00:52:57 - train acc (train err): 0.2764 (0.7236)
2023-09-27 00:52:57 - train log loss: 8.8879
2023-09-27 00:52:57 - train brier score: 1.3567
2023-09-27 00:52:57 - --------Run Number 7--------
2023-09-27 00:52:57 - ================Results================
2023-09-27 00:52:57 - train acc (train err): 0.2690 (0.7310)
2023-09-27 00:52:57 - train log loss: 9.9118
2023-09-27 00:52:57 - train brier score: 1.3691
2023-09-27 00:52:57 - --------Run Number 8--------
2023-09-27 00:52:57 - ================Results================
2023-09-27 00:52:57 - train acc (train err): 0.2690 (0.7310)
2023-09-27 00:52:57 - train log loss: 9.8151
2023-09-27 00:52:57 - train brier score: 1.3599
2023-09-27 00:52:57 - --------Run Number 9--------
2023-09-27 00:52:57 - ================Results================
2023-09-27 00:52:57 - train acc (train err): 0.2690 (0.7310)
2023-09-27 00:52:57 - train log loss: 9.8995
2023-09-27 00:52:57 - train brier score: 1.3687
2023-09-27 00:52:57 - --------Run Number 10--------
2023-09-27 00:52:58 - ================Results================
2023-09-27 00:52:58 - train acc (train err): 0.2768 (0.7232)
2023-09-27 00:52:58 - train log loss: 6.9448
2023-09-27 00:52:58 - train brier score: 1.3515
2023-09-27 00:52:58 - ================Aggregated Results================
2023-09-27 00:52:58 - Total number of runs: 10
2023-09-27 00:52:58 - train mean acc +- std (mean train err): 0.2749 +- 0.0051 (0.7251)
2023-09-27 00:52:58 - train mean log loss +- std: 9.2087 +- 0.8404
2023-09-27 00:52:58 - train mean brier score +- std: 1.3590 +- 0.0053
