2024-01-26 21:03:44 - ------------Running AMCL_CC------------
2024-01-26 21:03:44 - dataset: domain
2024-01-26 21:03:44 - --------Run Number 1--------
2024-01-26 21:03:44 - Num WL: 5, Num Unlab 2587, Num Classes 5, Num Lab 100
2024-01-26 21:03:51 - Bound at time 0: 0.408564
2024-01-26 21:04:21 - Bound at time 100: 0.367059
2024-01-26 21:04:52 - Bound at time 200: 0.365915
2024-01-26 21:05:22 - Bound at time 300: 0.365863
2024-01-26 21:05:53 - Bound at time 400: 0.365860
2024-01-26 21:06:24 - ENDING PARAMETERS: [0.25398906 0.19529226 0.45905801 0.00887997 0.0827807 ]
2024-01-26 21:06:24 - ================Results================
2024-01-26 21:06:24 - time to fit: 159.8 seconds
2024-01-26 21:06:24 - train acc (train err): 0.6324 (0.3676)
2024-01-26 21:06:24 - train log loss: 5.3264
2024-01-26 21:06:24 - train brier score: 0.5355
2024-01-26 21:06:24 - --------Run Number 2--------
2024-01-26 21:06:24 - Num WL: 5, Num Unlab 2587, Num Classes 5, Num Lab 100
2024-01-26 21:06:30 - Bound at time 0: 0.384178
2024-01-26 21:07:01 - Bound at time 100: 0.334208
2024-01-26 21:07:32 - Bound at time 200: 0.333549
2024-01-26 21:08:02 - Bound at time 300: 0.333517
2024-01-26 21:08:31 - Bound at time 400: 0.333516
2024-01-26 21:09:01 - ENDING PARAMETERS: [0.19071765 0.13590358 0.43364576 0.         0.239733  ]
2024-01-26 21:09:01 - ================Results================
2024-01-26 21:09:01 - time to fit: 156.9 seconds
2024-01-26 21:09:01 - train acc (train err): 0.6324 (0.3676)
2024-01-26 21:09:01 - train log loss: 5.4544
2024-01-26 21:09:01 - train brier score: 0.5358
2024-01-26 21:09:01 - --------Run Number 3--------
2024-01-26 21:09:01 - Num WL: 5, Num Unlab 2587, Num Classes 5, Num Lab 100
2024-01-26 21:09:07 - Bound at time 0: 0.372088
2024-01-26 21:09:37 - Bound at time 100: 0.325794
2024-01-26 21:10:08 - Bound at time 200: 0.325391
2024-01-26 21:10:39 - Bound at time 300: 0.325367
2024-01-26 21:11:09 - Bound at time 400: 0.325365
2024-01-26 21:11:39 - ENDING PARAMETERS: [0.23658059 0.24113604 0.3854318  0.         0.13685157]
2024-01-26 21:11:39 - ================Results================
2024-01-26 21:11:39 - time to fit: 157.4 seconds
2024-01-26 21:11:39 - train acc (train err): 0.6459 (0.3541)
2024-01-26 21:11:39 - train log loss: 5.4673
2024-01-26 21:11:39 - train brier score: 0.5393
2024-01-26 21:11:39 - --------Run Number 4--------
2024-01-26 21:11:39 - Num WL: 5, Num Unlab 2587, Num Classes 5, Num Lab 100
2024-01-26 21:11:45 - Bound at time 0: 0.379674
2024-01-26 21:12:15 - Bound at time 100: 0.320477
2024-01-26 21:12:45 - Bound at time 200: 0.319320
2024-01-26 21:13:15 - Bound at time 300: 0.319251
2024-01-26 21:13:45 - Bound at time 400: 0.319247
2024-01-26 21:14:16 - ENDING PARAMETERS: [0.21729196 0.19236846 0.48437919 0.         0.10596039]
2024-01-26 21:14:16 - ================Results================
2024-01-26 21:14:16 - time to fit: 157.6 seconds
2024-01-26 21:14:16 - train acc (train err): 0.6324 (0.3676)
2024-01-26 21:14:16 - train log loss: 5.4489
2024-01-26 21:14:16 - train brier score: 0.5301
2024-01-26 21:14:16 - --------Run Number 5--------
2024-01-26 21:14:16 - Num WL: 5, Num Unlab 2587, Num Classes 5, Num Lab 100
2024-01-26 21:14:22 - Bound at time 0: 0.374823
2024-01-26 21:14:53 - Bound at time 100: 0.335948
2024-01-26 21:15:23 - Bound at time 200: 0.334889
2024-01-26 21:15:54 - Bound at time 300: 0.334857
2024-01-26 21:16:25 - Bound at time 400: 0.334855
2024-01-26 21:16:55 - ENDING PARAMETERS: [0.15307    0.13225316 0.43904711 0.         0.27562973]
2024-01-26 21:16:55 - ================Results================
2024-01-26 21:16:55 - time to fit: 159.3 seconds
2024-01-26 21:16:55 - train acc (train err): 0.6324 (0.3676)
2024-01-26 21:16:55 - train log loss: 5.4606
2024-01-26 21:16:55 - train brier score: 0.5413
2024-01-26 21:16:55 - --------Run Number 6--------
2024-01-26 21:16:55 - Num WL: 5, Num Unlab 2587, Num Classes 5, Num Lab 100
2024-01-26 21:17:02 - Bound at time 0: 0.352412
2024-01-26 21:17:32 - Bound at time 100: 0.311858
2024-01-26 21:18:03 - Bound at time 200: 0.311524
2024-01-26 21:18:34 - Bound at time 300: 0.311503
2024-01-26 21:19:05 - Bound at time 400: 0.311502
2024-01-26 21:19:35 - ENDING PARAMETERS: [0.22872776 0.24945557 0.37643522 0.         0.14538145]
2024-01-26 21:19:35 - ================Results================
2024-01-26 21:19:35 - time to fit: 159.7 seconds
2024-01-26 21:19:35 - train acc (train err): 0.6370 (0.3630)
2024-01-26 21:19:35 - train log loss: 5.4692
2024-01-26 21:19:35 - train brier score: 0.5404
2024-01-26 21:19:35 - --------Run Number 7--------
2024-01-26 21:19:35 - Num WL: 5, Num Unlab 2587, Num Classes 5, Num Lab 100
2024-01-26 21:19:41 - Bound at time 0: 0.358037
2024-01-26 21:20:11 - Bound at time 100: 0.301397
2024-01-26 21:20:41 - Bound at time 200: 0.300256
2024-01-26 21:21:12 - Bound at time 300: 0.300196
2024-01-26 21:21:42 - Bound at time 400: 0.300193
2024-01-26 21:22:13 - ENDING PARAMETERS: [0.17037683 0.11734633 0.49902972 0.         0.21324713]
2024-01-26 21:22:13 - ================Results================
2024-01-26 21:22:13 - time to fit: 157.7 seconds
2024-01-26 21:22:13 - train acc (train err): 0.6324 (0.3676)
2024-01-26 21:22:13 - train log loss: 5.4463
2024-01-26 21:22:13 - train brier score: 0.5334
2024-01-26 21:22:13 - --------Run Number 8--------
2024-01-26 21:22:13 - Num WL: 5, Num Unlab 2587, Num Classes 5, Num Lab 100
2024-01-26 21:22:19 - Bound at time 0: 0.385038
2024-01-26 21:22:50 - Bound at time 100: 0.351253
2024-01-26 21:23:20 - Bound at time 200: 0.350076
2024-01-26 21:23:50 - Bound at time 300: 0.350031
2024-01-26 21:24:20 - Bound at time 400: 0.350029
2024-01-26 21:24:49 - ENDING PARAMETERS: [0.29107499 0.04148952 0.39680362 0.01842616 0.25220569]
2024-01-26 21:24:49 - ================Results================
2024-01-26 21:24:49 - time to fit: 156.5 seconds
2024-01-26 21:24:49 - train acc (train err): 0.6049 (0.3951)
2024-01-26 21:24:49 - train log loss: 5.3592
2024-01-26 21:24:49 - train brier score: 0.5602
2024-01-26 21:24:49 - --------Run Number 9--------
2024-01-26 21:24:49 - Num WL: 5, Num Unlab 2587, Num Classes 5, Num Lab 100
2024-01-26 21:24:55 - Bound at time 0: 0.371892
2024-01-26 21:25:25 - Bound at time 100: 0.308277
2024-01-26 21:25:55 - Bound at time 200: 0.306302
2024-01-26 21:26:25 - Bound at time 300: 0.306188
2024-01-26 21:26:55 - Bound at time 400: 0.306182
2024-01-26 21:27:24 - ENDING PARAMETERS: [0.13271384 0.1611638  0.57477145 0.         0.1313509 ]
2024-01-26 21:27:24 - ================Results================
2024-01-26 21:27:24 - time to fit: 154.9 seconds
2024-01-26 21:27:24 - train acc (train err): 0.6355 (0.3645)
2024-01-26 21:27:24 - train log loss: 5.4415
2024-01-26 21:27:24 - train brier score: 0.5332
2024-01-26 21:27:24 - --------Run Number 10--------
2024-01-26 21:27:24 - Num WL: 5, Num Unlab 2587, Num Classes 5, Num Lab 100
2024-01-26 21:27:30 - Bound at time 0: 0.378887
2024-01-26 21:28:00 - Bound at time 100: 0.343705
2024-01-26 21:28:30 - Bound at time 200: 0.342612
2024-01-26 21:29:00 - Bound at time 300: 0.342563
2024-01-26 21:29:29 - Bound at time 400: 0.342560
2024-01-26 21:29:58 - ENDING PARAMETERS: [0.23116299 0.1587996  0.45976842 0.02410137 0.12616763]
2024-01-26 21:29:58 - ================Results================
2024-01-26 21:29:58 - time to fit: 153.3 seconds
2024-01-26 21:29:58 - train acc (train err): 0.6324 (0.3676)
2024-01-26 21:29:58 - train log loss: 5.3175
2024-01-26 21:29:58 - train brier score: 0.5311
2024-01-26 21:29:58 - ================Aggregated Results================
2024-01-26 21:29:58 - Total number of runs: 10
2024-01-26 21:29:58 - Average time to fit 157.3 (std: 2.0)
2024-01-26 21:29:58 - train mean acc +- std (mean train err): 0.6318 +- 0.0098 (0.3682)
2024-01-26 21:29:58 - train mean log loss +- std: 5.4191 +- 0.0569
2024-01-26 21:29:58 - train mean brier score +- std: 0.5380 +- 0.0082
