2023-09-28 00:46:09 - ------------Running Snorkel------------
2023-09-28 00:46:09 - dataset: aa2
2023-09-28 00:46:09 - --------Run Number 1--------
2023-09-28 00:46:09 - ================Results================
2023-09-28 00:46:09 - train acc (train err): 0.9665 (0.0335)
2023-09-28 00:46:09 - train log loss: 0.4499
2023-09-28 00:46:09 - train brier score: 0.0609
2023-09-28 00:46:09 - --------Run Number 2--------
2023-09-28 00:46:09 - --------Run Number 2--------
2023-09-28 00:46:09 - ================Results================
2023-09-28 00:46:09 - train acc (train err): 0.9687 (0.0313)
2023-09-28 00:46:09 - train log loss: 0.4036
2023-09-28 00:46:09 - train brier score: 0.0552
2023-09-28 00:46:09 - --------Run Number 3--------
2023-09-28 00:46:09 - ================Results================
2023-09-28 00:46:09 - train acc (train err): 0.9665 (0.0335)
2023-09-28 00:46:09 - train log loss: 0.4492
2023-09-28 00:46:09 - train brier score: 0.0607
2023-09-28 00:46:09 - --------Run Number 4--------
2023-09-28 00:46:09 - --------Run Number 4--------
2023-09-28 00:46:09 - --------Run Number 4--------
2023-09-28 00:46:09 - ================Results================
2023-09-28 00:46:09 - train acc (train err): 0.9665 (0.0335)
2023-09-28 00:46:09 - train log loss: 0.4501
2023-09-28 00:46:09 - train brier score: 0.0608
2023-09-28 00:46:09 - --------Run Number 5--------
2023-09-28 00:46:09 - ================Results================
2023-09-28 00:46:09 - train acc (train err): 0.9665 (0.0335)
2023-09-28 00:46:09 - train log loss: 0.4533
2023-09-28 00:46:09 - train brier score: 0.0614
2023-09-28 00:46:09 - --------Run Number 6--------
2023-09-28 00:46:09 - --------Run Number 6--------
2023-09-28 00:46:09 - ================Results================
2023-09-28 00:46:09 - train acc (train err): 0.9687 (0.0313)
2023-09-28 00:46:09 - train log loss: 0.4100
2023-09-28 00:46:09 - train brier score: 0.0561
2023-09-28 00:46:09 - --------Run Number 7--------
2023-09-28 00:46:10 - ================Results================
2023-09-28 00:46:10 - train acc (train err): 0.9665 (0.0335)
2023-09-28 00:46:10 - train log loss: 0.4542
2023-09-28 00:46:10 - train brier score: 0.0615
2023-09-28 00:46:10 - --------Run Number 8--------
2023-09-28 00:46:10 - --------Run Number 8--------
2023-09-28 00:46:10 - ================Results================
2023-09-28 00:46:10 - train acc (train err): 0.9665 (0.0335)
2023-09-28 00:46:10 - train log loss: 0.4538
2023-09-28 00:46:10 - train brier score: 0.0615
2023-09-28 00:46:10 - --------Run Number 9--------
2023-09-28 00:46:10 - --------Run Number 9--------
2023-09-28 00:46:10 - --------Run Number 9--------
2023-09-28 00:46:10 - ================Results================
2023-09-28 00:46:10 - train acc (train err): 0.9665 (0.0335)
2023-09-28 00:46:10 - train log loss: 0.4526
2023-09-28 00:46:10 - train brier score: 0.0613
2023-09-28 00:46:10 - --------Run Number 10--------
2023-09-28 00:46:10 - --------Run Number 10--------
2023-09-28 00:46:10 - ================Results================
2023-09-28 00:46:10 - train acc (train err): 0.9825 (0.0175)
2023-09-28 00:46:10 - train log loss: 0.2445
2023-09-28 00:46:10 - train brier score: 0.0338
2023-09-28 00:46:10 - ================Aggregated Results================
2023-09-28 00:46:10 - Total number of runs: 10
2023-09-28 00:46:10 - train mean acc +- std (mean train err): 0.9685 +- 0.0047 (0.0315)
2023-09-28 00:46:10 - train mean log loss +- std: 0.4221 +- 0.0619
2023-09-28 00:46:10 - train mean brier score +- std: 0.0573 +- 0.0082
