2024-01-26 19:34:17 - ------------Running AMCL_CC------------
2024-01-26 19:34:17 - dataset: aa2
2024-01-26 19:34:17 - --------Run Number 1--------
2024-01-26 19:34:17 - Num WL: 36, Num Unlab 1372, Num Classes 2, Num Lab 100
2024-01-26 19:34:17 - Bound at time 0: 0.138197
2024-01-26 19:34:33 - Bound at time 100: 0.109373
2024-01-26 19:34:49 - Bound at time 200: 0.103740
2024-01-26 19:35:05 - Bound at time 300: 0.100285
2024-01-26 19:35:21 - Bound at time 400: 0.097824
2024-01-26 19:35:37 - ENDING PARAMETERS: [2.40504643e-03 1.26884898e-03 1.14760074e-02 2.19894039e-02
 0.00000000e+00 1.19365999e-03 2.04845220e-02 1.15006184e-01
 1.41866364e-02 2.40146477e-03 2.47592433e-03 5.34883698e-02
 4.29256315e-02 0.00000000e+00 0.00000000e+00 2.90109269e-02
 7.41196282e-02 6.05425542e-05 1.87935959e-03 4.91123562e-02
 1.38841605e-03 1.38163207e-02 4.01549401e-03 3.68285160e-03
 2.35968926e-02 5.36089434e-02 2.54481963e-03 1.21993400e-01
 2.07664825e-02 5.31071448e-03 6.82210685e-02 0.00000000e+00
 5.48385741e-02 1.21206719e-01 6.05700884e-02 9.54701259e-04]
2024-01-26 19:35:37 - ================Results================
2024-01-26 19:35:37 - time to fit: 80.5 seconds
2024-01-26 19:35:37 - train acc (train err): 0.9701 (0.0299)
2024-01-26 19:35:37 - train log loss: 0.1545
2024-01-26 19:35:37 - train brier score: 0.0664
2024-01-26 19:35:37 - --------Run Number 2--------
2024-01-26 19:35:37 - Num WL: 36, Num Unlab 1372, Num Classes 2, Num Lab 100
2024-01-26 19:35:38 - Bound at time 0: 0.132118
2024-01-26 19:35:53 - Bound at time 100: 0.103571
2024-01-26 19:36:09 - Bound at time 200: 0.098335
2024-01-26 19:36:25 - Bound at time 300: 0.095769
2024-01-26 19:36:40 - Bound at time 400: 0.094207
2024-01-26 19:36:56 - ENDING PARAMETERS: [5.38471178e-05 9.98123945e-05 1.19146141e-02 1.19256352e-02
 0.00000000e+00 0.00000000e+00 4.64750633e-02 4.31309673e-02
 4.84047997e-02 5.05804881e-05 0.00000000e+00 2.25311719e-02
 6.35806566e-02 5.92196701e-02 0.00000000e+00 4.37030016e-02
 1.11292622e-01 6.80167271e-06 0.00000000e+00 7.84672635e-02
 9.11834614e-05 1.20329571e-02 2.11514475e-02 8.95177445e-05
 5.92937634e-02 6.19903200e-02 2.30360173e-04 8.50580015e-02
 0.00000000e+00 1.33062771e-04 7.71180430e-02 1.11497193e-03
 6.15828266e-02 6.33729794e-02 1.58840583e-02 0.00000000e+00]
2024-01-26 19:36:56 - ================Results================
2024-01-26 19:36:56 - time to fit: 78.7 seconds
2024-01-26 19:36:56 - train acc (train err): 0.9818 (0.0182)
2024-01-26 19:36:56 - train log loss: 0.1323
2024-01-26 19:36:56 - train brier score: 0.0533
2024-01-26 19:36:56 - --------Run Number 3--------
2024-01-26 19:36:56 - Num WL: 36, Num Unlab 1372, Num Classes 2, Num Lab 100
2024-01-26 19:36:57 - Bound at time 0: 0.141798
2024-01-26 19:37:12 - Bound at time 100: 0.113818
2024-01-26 19:37:28 - Bound at time 200: 0.107800
2024-01-26 19:37:44 - Bound at time 300: 0.104520
2024-01-26 19:38:00 - Bound at time 400: 0.102293
2024-01-26 19:38:16 - ENDING PARAMETERS: [4.35948694e-02 0.00000000e+00 1.40553299e-02 2.53391262e-05
 2.65737977e-06 1.41564600e-04 3.75988849e-02 5.38433696e-02
 0.00000000e+00 4.63457472e-05 1.06672990e-04 6.23021350e-02
 6.97413904e-02 3.88714336e-02 3.48428824e-05 1.25963475e-02
 8.46535277e-02 0.00000000e+00 9.10013628e-05 8.23024304e-02
 0.00000000e+00 1.15879067e-02 3.90391313e-06 8.50913564e-03
 6.84226701e-02 6.92711109e-02 2.20027145e-05 7.46264073e-02
 1.39409858e-03 2.79500891e-03 6.48694800e-02 0.00000000e+00
 8.75678545e-02 1.10917523e-01 0.00000000e+00 4.75481710e-06]
2024-01-26 19:38:16 - ================Results================
2024-01-26 19:38:16 - time to fit: 80.3 seconds
2024-01-26 19:38:16 - train acc (train err): 0.9781 (0.0219)
2024-01-26 19:38:16 - train log loss: 0.1532
2024-01-26 19:38:16 - train brier score: 0.0646
2024-01-26 19:38:16 - --------Run Number 4--------
2024-01-26 19:38:16 - Num WL: 36, Num Unlab 1372, Num Classes 2, Num Lab 100
2024-01-26 19:38:17 - Bound at time 0: 0.131521
2024-01-26 19:38:33 - Bound at time 100: 0.105139
2024-01-26 19:38:48 - Bound at time 200: 0.099444
2024-01-26 19:39:03 - Bound at time 300: 0.096493
2024-01-26 19:39:19 - Bound at time 400: 0.094509
2024-01-26 19:39:34 - ENDING PARAMETERS: [0.0005074  0.00071144 0.01452396 0.07648463 0.         0.0002569
 0.02992429 0.06207335 0.01982444 0.00226828 0.00141344 0.
 0.0571434  0.01908776 0.         0.01648093 0.11214518 0.00132552
 0.00028869 0.06877123 0.00072595 0.0139898  0.00028505 0.00197393
 0.05118641 0.05445332 0.00104585 0.11308798 0.02171586 0.00355005
 0.08736247 0.         0.06206562 0.08241354 0.00476156 0.01815179]
2024-01-26 19:39:34 - ================Results================
2024-01-26 19:39:34 - time to fit: 78.0 seconds
2024-01-26 19:39:34 - train acc (train err): 0.9832 (0.0168)
2024-01-26 19:39:34 - train log loss: 0.1382
2024-01-26 19:39:34 - train brier score: 0.0585
2024-01-26 19:39:34 - --------Run Number 5--------
2024-01-26 19:39:34 - Num WL: 36, Num Unlab 1372, Num Classes 2, Num Lab 100
2024-01-26 19:39:35 - Bound at time 0: 0.137700
2024-01-26 19:39:51 - Bound at time 100: 0.109970
2024-01-26 19:40:06 - Bound at time 200: 0.105030
2024-01-26 19:40:22 - Bound at time 300: 0.102704
2024-01-26 19:40:38 - Bound at time 400: 0.101247
2024-01-26 19:40:53 - ENDING PARAMETERS: [1.76444076e-04 0.00000000e+00 1.75651954e-02 2.49517581e-02
 4.45001521e-05 2.41268735e-05 6.07735280e-02 5.47192565e-02
 5.67222850e-02 1.80183528e-04 1.07371105e-05 1.64600993e-04
 5.81096608e-02 3.79378184e-02 5.83788754e-05 5.02649040e-02
 6.99220306e-02 6.31786733e-05 1.61063291e-04 7.16766686e-02
 2.59012631e-05 1.45959923e-02 1.68105088e-05 2.25120363e-04
 8.02467876e-02 7.40591310e-02 2.85540740e-05 6.21178266e-02
 1.33175700e-02 2.90900961e-03 8.92939646e-02 0.00000000e+00
 6.34043259e-02 5.75098899e-02 3.87227973e-02 0.00000000e+00]
2024-01-26 19:40:53 - ================Results================
2024-01-26 19:40:53 - time to fit: 79.2 seconds
2024-01-26 19:40:53 - train acc (train err): 0.9810 (0.0190)
2024-01-26 19:40:53 - train log loss: 0.1406
2024-01-26 19:40:53 - train brier score: 0.0556
2024-01-26 19:40:53 - --------Run Number 6--------
2024-01-26 19:40:53 - Num WL: 36, Num Unlab 1372, Num Classes 2, Num Lab 100
2024-01-26 19:40:54 - Bound at time 0: 0.128669
2024-01-26 19:41:10 - Bound at time 100: 0.101412
2024-01-26 19:41:25 - Bound at time 200: 0.096123
2024-01-26 19:41:41 - Bound at time 300: 0.093511
2024-01-26 19:41:57 - Bound at time 400: 0.091654
2024-01-26 19:42:12 - ENDING PARAMETERS: [1.59991757e-02 1.69150179e-04 4.57894339e-03 0.00000000e+00
 4.37687989e-03 0.00000000e+00 1.00195805e-01 6.46720766e-02
 3.39237850e-02 9.82464130e-04 4.08217154e-02 1.17719511e-02
 7.53643692e-02 5.03300816e-02 0.00000000e+00 3.86592446e-02
 7.63055155e-02 0.00000000e+00 0.00000000e+00 7.26036285e-02
 0.00000000e+00 4.74751334e-03 1.89153412e-05 0.00000000e+00
 4.56953719e-02 7.47992542e-02 6.73735031e-05 3.19776389e-02
 3.77632544e-03 9.14551913e-05 9.02988480e-02 6.30810384e-05
 7.36814394e-02 6.56694421e-02 1.83585562e-02 0.00000000e+00]
2024-01-26 19:42:12 - ================Results================
2024-01-26 19:42:12 - time to fit: 79.1 seconds
2024-01-26 19:42:12 - train acc (train err): 0.9789 (0.0211)
2024-01-26 19:42:12 - train log loss: 0.1360
2024-01-26 19:42:12 - train brier score: 0.0545
2024-01-26 19:42:12 - --------Run Number 7--------
2024-01-26 19:42:12 - Num WL: 36, Num Unlab 1372, Num Classes 2, Num Lab 100
2024-01-26 19:42:13 - Bound at time 0: 0.136813
2024-01-26 19:42:28 - Bound at time 100: 0.110528
2024-01-26 19:42:44 - Bound at time 200: 0.104652
2024-01-26 19:42:59 - Bound at time 300: 0.101660
2024-01-26 19:43:15 - Bound at time 400: 0.099502
2024-01-26 19:43:30 - ENDING PARAMETERS: [8.11259078e-04 4.01901896e-04 1.73438294e-02 5.55198813e-02
 0.00000000e+00 3.64434528e-04 4.91117180e-02 3.85815665e-02
 6.08066499e-02 1.28172478e-03 3.83538627e-04 2.47869492e-02
 4.93200408e-02 0.00000000e+00 0.00000000e+00 6.81976919e-02
 3.56127325e-02 2.93222120e-04 5.05392370e-04 5.89381232e-02
 2.07130354e-04 1.54728446e-02 6.76865411e-04 8.25203145e-04
 5.28245413e-02 8.15907298e-02 7.75400843e-04 1.46643424e-01
 1.72318069e-02 4.19894218e-03 7.63956411e-02 0.00000000e+00
 6.13101760e-02 7.93522380e-02 5.13221818e-05 1.83078385e-04]
2024-01-26 19:43:30 - ================Results================
2024-01-26 19:43:30 - time to fit: 77.7 seconds
2024-01-26 19:43:30 - train acc (train err): 0.9854 (0.0146)
2024-01-26 19:43:30 - train log loss: 0.1389
2024-01-26 19:43:30 - train brier score: 0.0550
2024-01-26 19:43:30 - --------Run Number 8--------
2024-01-26 19:43:30 - Num WL: 36, Num Unlab 1372, Num Classes 2, Num Lab 100
2024-01-26 19:43:31 - Bound at time 0: 0.118093
2024-01-26 19:43:46 - Bound at time 100: 0.090347
2024-01-26 19:44:02 - Bound at time 200: 0.084203
2024-01-26 19:44:17 - Bound at time 300: 0.081149
2024-01-26 19:44:33 - Bound at time 400: 0.078980
2024-01-26 19:44:48 - ENDING PARAMETERS: [0.         0.         0.         0.02603416 0.         0.
 0.03164869 0.08489466 0.00304017 0.         0.         0.09399867
 0.06312901 0.03166102 0.01310575 0.03672279 0.07818937 0.
 0.         0.05654159 0.         0.         0.00044075 0.
 0.11151639 0.08259348 0.         0.05257616 0.01083076 0.
 0.05817068 0.         0.06119885 0.08543809 0.01826897 0.        ]
2024-01-26 19:44:48 - ================Results================
2024-01-26 19:44:48 - time to fit: 77.8 seconds
2024-01-26 19:44:48 - train acc (train err): 0.9803 (0.0197)
2024-01-26 19:44:48 - train log loss: 0.1551
2024-01-26 19:44:48 - train brier score: 0.0675
2024-01-26 19:44:48 - --------Run Number 9--------
2024-01-26 19:44:48 - Num WL: 36, Num Unlab 1372, Num Classes 2, Num Lab 100
2024-01-26 19:44:49 - Bound at time 0: 0.125703
2024-01-26 19:45:04 - Bound at time 100: 0.094270
2024-01-26 19:45:19 - Bound at time 200: 0.088905
2024-01-26 19:45:35 - Bound at time 300: 0.086050
2024-01-26 19:45:50 - Bound at time 400: 0.083927
2024-01-26 19:46:06 - ENDING PARAMETERS: [7.63077905e-05 0.00000000e+00 3.88235865e-03 0.00000000e+00
 0.00000000e+00 0.00000000e+00 7.49750614e-02 5.86675260e-02
 6.26025788e-02 1.26147013e-05 0.00000000e+00 6.62413149e-05
 5.55810668e-02 4.12677437e-03 1.81761391e-02 4.35712685e-02
 7.65418202e-02 4.04383905e-05 0.00000000e+00 6.53902559e-02
 7.83683900e-05 4.12444228e-03 9.21336221e-05 1.19103247e-04
 9.81016276e-02 6.78943353e-02 0.00000000e+00 5.27322023e-02
 1.43625860e-03 0.00000000e+00 8.26264492e-02 0.00000000e+00
 6.82115409e-02 1.00975514e-01 5.98975724e-02 0.00000000e+00]
2024-01-26 19:46:06 - ================Results================
2024-01-26 19:46:06 - time to fit: 77.7 seconds
2024-01-26 19:46:06 - train acc (train err): 0.9810 (0.0190)
2024-01-26 19:46:06 - train log loss: 0.1367
2024-01-26 19:46:06 - train brier score: 0.0563
2024-01-26 19:46:06 - --------Run Number 10--------
2024-01-26 19:46:06 - Num WL: 36, Num Unlab 1372, Num Classes 2, Num Lab 100
2024-01-26 19:46:06 - Bound at time 0: 0.122212
2024-01-26 19:46:22 - Bound at time 100: 0.097313
2024-01-26 19:46:38 - Bound at time 200: 0.091509
2024-01-26 19:46:54 - Bound at time 300: 0.088174
2024-01-26 19:47:10 - Bound at time 400: 0.085800
2024-01-26 19:47:25 - ENDING PARAMETERS: [9.39398534e-05 0.00000000e+00 6.44114613e-05 1.94566057e-05
 9.29287043e-06 0.00000000e+00 4.00079965e-02 6.07653206e-02
 0.00000000e+00 3.32155784e-05 0.00000000e+00 7.27980965e-02
 5.40512992e-02 7.76416950e-02 3.37164725e-02 7.68372991e-02
 5.39921224e-02 3.25840866e-05 1.59683459e-05 6.81095375e-02
 1.09826184e-05 1.32156849e-06 1.33525567e-05 6.92775191e-05
 7.24948311e-02 5.45848466e-02 0.00000000e+00 9.80333735e-02
 1.40369204e-02 0.00000000e+00 6.97457177e-02 0.00000000e+00
 7.25089663e-02 4.17048532e-02 3.85718128e-02 3.50360403e-05]
2024-01-26 19:47:25 - ================Results================
2024-01-26 19:47:25 - time to fit: 79.7 seconds
2024-01-26 19:47:25 - train acc (train err): 0.9796 (0.0204)
2024-01-26 19:47:25 - train log loss: 0.1547
2024-01-26 19:47:25 - train brier score: 0.0652
2024-01-26 19:47:25 - ================Aggregated Results================
2024-01-26 19:47:25 - Total number of runs: 10
2024-01-26 19:47:25 - Average time to fit 78.9 (std: 1.0)
2024-01-26 19:47:25 - train mean acc +- std (mean train err): 0.9800 +- 0.0038 (0.0200)
2024-01-26 19:47:25 - train mean log loss +- std: 0.1440 +- 0.0087
2024-01-26 19:47:25 - train mean brier score +- std: 0.0597 +- 0.0053
