2023-09-27 00:53:03 - ------------Running Snorkel------------
2023-09-27 00:53:03 - dataset: youtube
2023-09-27 00:53:03 - --------Run Number 1--------
2023-09-27 00:53:03 - ================Results================
2023-09-27 00:53:03 - train acc (train err): 0.6318 (0.3682)
2023-09-27 00:53:03 - train log loss: 0.7679
2023-09-27 00:53:03 - train brier score: 0.4392
2023-09-27 00:53:03 - --------Run Number 2--------
2023-09-27 00:53:03 - ================Results================
2023-09-27 00:53:03 - train acc (train err): 0.6318 (0.3682)
2023-09-27 00:53:03 - train log loss: 0.7669
2023-09-27 00:53:03 - train brier score: 0.4386
2023-09-27 00:53:03 - --------Run Number 3--------
2023-09-27 00:53:03 - ================Results================
2023-09-27 00:53:03 - train acc (train err): 0.6324 (0.3676)
2023-09-27 00:53:03 - train log loss: 0.7095
2023-09-27 00:53:03 - train brier score: 0.3989
2023-09-27 00:53:03 - --------Run Number 4--------
2023-09-27 00:53:03 - ================Results================
2023-09-27 00:53:03 - train acc (train err): 0.6639 (0.3361)
2023-09-27 00:53:03 - train log loss: 0.6810
2023-09-27 00:53:03 - train brier score: 0.3786
2023-09-27 00:53:03 - --------Run Number 5--------
2023-09-27 00:53:04 - ================Results================
2023-09-27 00:53:04 - train acc (train err): 0.6318 (0.3682)
2023-09-27 00:53:04 - train log loss: 0.7684
2023-09-27 00:53:04 - train brier score: 0.4396
2023-09-27 00:53:04 - --------Run Number 6--------
2023-09-27 00:53:04 - ================Results================
2023-09-27 00:53:04 - train acc (train err): 0.7144 (0.2856)
2023-09-27 00:53:04 - train log loss: 0.6337
2023-09-27 00:53:04 - train brier score: 0.3388
2023-09-27 00:53:04 - --------Run Number 7--------
2023-09-27 00:53:04 - ================Results================
2023-09-27 00:53:04 - train acc (train err): 0.6494 (0.3506)
2023-09-27 00:53:04 - train log loss: 0.7235
2023-09-27 00:53:04 - train brier score: 0.4088
2023-09-27 00:53:04 - --------Run Number 8--------
2023-09-27 00:53:04 - ================Results================
2023-09-27 00:53:04 - train acc (train err): 0.6639 (0.3361)
2023-09-27 00:53:04 - train log loss: 0.6721
2023-09-27 00:53:04 - train brier score: 0.3722
2023-09-27 00:53:04 - --------Run Number 9--------
2023-09-27 00:53:04 - ================Results================
2023-09-27 00:53:04 - train acc (train err): 0.6318 (0.3682)
2023-09-27 00:53:04 - train log loss: 0.7704
2023-09-27 00:53:04 - train brier score: 0.4409
2023-09-27 00:53:04 - --------Run Number 10--------
2023-09-27 00:53:04 - ================Results================
2023-09-27 00:53:04 - train acc (train err): 0.6734 (0.3266)
2023-09-27 00:53:04 - train log loss: 0.6598
2023-09-27 00:53:04 - train brier score: 0.3636
2023-09-27 00:53:04 - ================Aggregated Results================
2023-09-27 00:53:04 - Total number of runs: 10
2023-09-27 00:53:04 - train mean acc +- std (mean train err): 0.6525 +- 0.0258 (0.3475)
2023-09-27 00:53:04 - train mean log loss +- std: 0.7153 +- 0.0492
2023-09-27 00:53:04 - train mean brier score +- std: 0.4019 +- 0.0355
