2024-01-26 22:57:37 - ------------Running AMCL_CC------------
2024-01-26 22:57:37 - dataset: sms
2024-01-26 22:57:37 - --------Run Number 1--------
2024-01-26 22:57:37 - Num WL: 73, Num Unlab 4571, Num Classes 2, Num Lab 100
2024-01-26 22:57:43 - Bound at time 0: 0.292181
2024-01-26 22:59:11 - Bound at time 100: 0.283264
2024-01-26 23:00:41 - Bound at time 200: 0.276152
2024-01-26 23:02:12 - Bound at time 300: 0.270372
2024-01-26 23:03:46 - Bound at time 400: 0.265645
2024-01-26 23:05:17 - ENDING PARAMETERS: [0.03536164 0.01160188 0.00339969 0.00385392 0.00475588 0.00436667
 0.00325641 0.00475139 0.02680319 0.00447984 0.00460625 0.10550427
 0.02800392 0.01167495 0.02677076 0.00372877 0.00299156 0.00481534
 0.02043869 0.03603985 0.00423244 0.00513074 0.02888198 0.08372005
 0.00366155 0.00457737 0.00396834 0.02018681 0.01185809 0.0034241
 0.00396821 0.00494957 0.02817296 0.00348924 0.00467055 0.03624399
 0.00382973 0.07530976 0.04508477 0.00337961 0.01340653 0.00348856
 0.00411552 0.00375271 0.00313254 0.00376962 0.00375126 0.00402738
 0.00465876 0.0045404  0.00469339 0.00395294 0.00367727 0.00336429
 0.00438715 0.00407254 0.00338517 0.00429261 0.0040732  0.00329373
 0.0276001  0.00438237 0.00393527 0.01135497 0.03599327 0.07564192
 0.00337179 0.00412628 0.00313779 0.00386614 0.00441266 0.0043232
 0.00407391]
2024-01-26 23:05:17 - ================Results================
2024-01-26 23:05:17 - time to fit: 460.0 seconds
2024-01-26 23:05:17 - train acc (train err): 0.5655 (0.4345)
2024-01-26 23:05:17 - train log loss: 0.6799
2024-01-26 23:05:17 - train brier score: 0.4868
2024-01-26 23:05:17 - --------Run Number 2--------
2024-01-26 23:05:17 - Num WL: 73, Num Unlab 4571, Num Classes 2, Num Lab 100
2024-01-26 23:05:23 - Bound at time 0: 0.296090
2024-01-26 23:07:02 - Bound at time 100: 0.291355
2024-01-26 23:08:41 - Bound at time 200: 0.287679
2024-01-26 23:10:13 - Bound at time 300: 0.284692
2024-01-26 23:11:56 - Bound at time 400: 0.282308
2024-01-26 23:13:29 - ENDING PARAMETERS: [0.01490925 0.01467102 0.00725804 0.00611781 0.00779923 0.0069944
 0.00521336 0.         0.01449834 0.00806107 0.00629281 0.04517303
 0.06269671 0.02292553 0.00630303 0.00548575 0.03814693 0.00729709
 0.00787926 0.00565174 0.00726509 0.02276715 0.00880281 0.00892176
 0.01506441 0.00644201 0.00741924 0.00733332 0.00474157 0.00532783
 0.00819514 0.00914489 0.00711265 0.00546028 0.03953169 0.07117247
 0.00714634 0.02205256 0.00834944 0.00598956 0.00744502 0.00693499
 0.03999785 0.007137   0.0065498  0.00738323 0.00688985 0.03108195
 0.007716   0.00913409 0.00830568 0.00725807 0.00521852 0.03895836
 0.0466595  0.00687188 0.00610912 0.00723618 0.00801912 0.0454541
 0.00720744 0.00695174 0.00677302 0.00699986 0.00806349 0.00595031
 0.00703349 0.00717283 0.0053963  0.00544893 0.00600261 0.03926692
 0.00575814]
2024-01-26 23:13:29 - ================Results================
2024-01-26 23:13:29 - time to fit: 491.5 seconds
2024-01-26 23:13:29 - train acc (train err): 0.5305 (0.4695)
2024-01-26 23:13:29 - train log loss: 0.6914
2024-01-26 23:13:29 - train brier score: 0.4981
2024-01-26 23:13:29 - --------Run Number 3--------
2024-01-26 23:13:29 - Num WL: 73, Num Unlab 4571, Num Classes 2, Num Lab 100
2024-01-26 23:13:34 - Bound at time 0: 0.295016
2024-01-26 23:14:59 - Bound at time 100: 0.289270
2024-01-26 23:16:28 - Bound at time 200: 0.284735
2024-01-26 23:17:57 - Bound at time 300: 0.281036
2024-01-26 23:19:26 - Bound at time 400: 0.277996
2024-01-26 23:20:59 - ENDING PARAMETERS: [0.00655616 0.0451156  0.01448858 0.01482133 0.02216494 0.00612281
 0.00478019 0.00745816 0.00521926 0.00595065 0.00687594 0.06862645
 0.06206677 0.00671481 0.00550783 0.02134776 0.0049251  0.00675189
 0.007418   0.00554804 0.00594122 0.00548639 0.00798853 0.00805922
 0.03884627 0.01561206 0.00687823 0.00678933 0.00508857 0.00522955
 0.00758806 0.01534511 0.00713793 0.00541986 0.00530034 0.05451648
 0.00655413 0.08559148 0.03166118 0.02100256 0.00674201 0.00650243
 0.00529371 0.00580328 0.00568875 0.03781946 0.0063337  0.00582372
 0.00728201 0.00772239 0.00742218 0.00647508 0.00446416 0.0461918
 0.00637404 0.00700006 0.00580872 0.00677616 0.00704432 0.01268595
 0.00587508 0.00637522 0.00598185 0.00547164 0.00734188 0.03041044
 0.0067845  0.01441395 0.00432101 0.00626651 0.00597725 0.01445025
 0.00657972]
2024-01-26 23:20:59 - ================Results================
2024-01-26 23:20:59 - time to fit: 450.3 seconds
2024-01-26 23:20:59 - train acc (train err): 0.5524 (0.4476)
2024-01-26 23:20:59 - train log loss: 0.6851
2024-01-26 23:20:59 - train brier score: 0.4920
2024-01-26 23:20:59 - --------Run Number 4--------
2024-01-26 23:20:59 - Num WL: 73, Num Unlab 4571, Num Classes 2, Num Lab 100
2024-01-26 23:21:04 - Bound at time 0: 0.295662
2024-01-26 23:22:33 - Bound at time 100: 0.291132
2024-01-26 23:24:06 - Bound at time 200: 0.287566
2024-01-26 23:25:37 - Bound at time 300: 0.284677
2024-01-26 23:27:09 - Bound at time 400: 0.282308
2024-01-26 23:28:38 - ENDING PARAMETERS: [0.00825896 0.07046528 0.00844692 0.00777101 0.01043879 0.0296844
 0.00578467 0.01031016 0.00698872 0.00913813 0.0081032  0.10069954
 0.00878699 0.00956162 0.00828931 0.00833375 0.03763583 0.00826134
 0.01500103 0.00930421 0.00924619 0.00876454 0.009917   0.00976905
 0.00950692 0.01063563 0.01076934 0.00934556 0.00728598 0.00727769
 0.01019103 0.01068501 0.01016853 0.00674608 0.00922178 0.02285617
 0.01387674 0.00779285 0.02358106 0.0077997  0.00912496 0.00986836
 0.03202022 0.00903492 0.04743691 0.00863993 0.03019481 0.00830672
 0.00970012 0.01043269 0.01004018 0.00863259 0.00782382 0.01445755
 0.00965993 0.00995889 0.00752102 0.00999614 0.010106   0.02128525
 0.00953708 0.00874664 0.01014802 0.008721   0.01484587 0.00798045
 0.00869591 0.00919743 0.00755757 0.00852451 0.00914999 0.00905071
 0.00690309]
2024-01-26 23:28:38 - ================Results================
2024-01-26 23:28:38 - time to fit: 458.7 seconds
2024-01-26 23:28:38 - train acc (train err): 0.5852 (0.4148)
2024-01-26 23:28:38 - train log loss: 0.6743
2024-01-26 23:28:38 - train brier score: 0.4813
2024-01-26 23:28:38 - --------Run Number 5--------
2024-01-26 23:28:38 - Num WL: 73, Num Unlab 4571, Num Classes 2, Num Lab 100
2024-01-26 23:28:43 - Bound at time 0: 0.298173
2024-01-26 23:30:24 - Bound at time 100: 0.295010
2024-01-26 23:32:06 - Bound at time 200: 0.292529
2024-01-26 23:33:51 - Bound at time 300: 0.290531
2024-01-26 23:35:22 - Bound at time 400: 0.288898
2024-01-26 23:36:51 - ENDING PARAMETERS: [0.00791851 0.00861147 0.009081   0.01690811 0.00889013 0.01663113
 0.00642571 0.01034704 0.00716059 0.00939689 0.00919348 0.03881843
 0.00960061 0.00986259 0.008615   0.00809078 0.01650027 0.00864119
 0.00970874 0.01024014 0.01027157 0.0093748  0.05752317 0.05740027
 0.00775732 0.0105917  0.02566328 0.00929316 0.0081834  0.0077542
 0.00925996 0.01084624 0.03286683 0.00845748 0.00807245 0.02493252
 0.00813649 0.01599181 0.0494268  0.00790452 0.00961064 0.00918736
 0.05746543 0.00892991 0.0075155  0.00821667 0.0086774  0.00884537
 0.01021448 0.01049356 0.01123667 0.00983191 0.00790899 0.03207782
 0.00967933 0.00900405 0.00697508 0.00996267 0.0094074  0.00764501
 0.00895547 0.00805319 0.0086289  0.00761942 0.00948489 0.00857263
 0.0094424  0.00932421 0.00711822 0.00842735 0.00964817 0.00940828
 0.03208181]
2024-01-26 23:36:51 - ================Results================
2024-01-26 23:36:51 - time to fit: 492.8 seconds
2024-01-26 23:36:51 - train acc (train err): 0.5366 (0.4634)
2024-01-26 23:36:51 - train log loss: 0.6909
2024-01-26 23:36:51 - train brier score: 0.4977
2024-01-26 23:36:51 - --------Run Number 6--------
2024-01-26 23:36:51 - Num WL: 73, Num Unlab 4571, Num Classes 2, Num Lab 100
2024-01-26 23:36:56 - Bound at time 0: 0.292210
2024-01-26 23:38:28 - Bound at time 100: 0.282672
2024-01-26 23:39:58 - Bound at time 200: 0.275061
2024-01-26 23:41:25 - Bound at time 300: 0.268886
2024-01-26 23:42:54 - Bound at time 400: 0.263854
2024-01-26 23:44:24 - ENDING PARAMETERS: [0.00249757 0.05066077 0.00285605 0.00260836 0.06104741 0.00238714
 0.00221263 0.00314591 0.00265883 0.05221463 0.00267353 0.00232607
 0.02793043 0.08420139 0.0020871  0.05914531 0.0036762  0.0029811
 0.00304528 0.05891496 0.00276785 0.00282018 0.00372202 0.03564779
 0.02852589 0.01354753 0.00263604 0.00311295 0.00236589 0.00232029
 0.00295096 0.0028958  0.00282143 0.01888852 0.00237142 0.05180082
 0.00264831 0.00259976 0.01362373 0.00205058 0.00283373 0.00282149
 0.00301674 0.00296228 0.00275623 0.05087408 0.00240739 0.04327992
 0.00297675 0.00286993 0.00293532 0.0029473  0.00218666 0.02736938
 0.00258397 0.00285581 0.02902572 0.03571727 0.01313314 0.00232301
 0.00286962 0.00238491 0.00249574 0.0022612  0.01215175 0.00437112
 0.00251524 0.00276265 0.00217835 0.00242946 0.00246775 0.09148542
 0.00236225]
2024-01-26 23:44:24 - ================Results================
2024-01-26 23:44:24 - time to fit: 453.6 seconds
2024-01-26 23:44:24 - train acc (train err): 0.5124 (0.4876)
2024-01-26 23:44:24 - train log loss: 0.7114
2024-01-26 23:44:24 - train brier score: 0.5167
2024-01-26 23:44:24 - --------Run Number 7--------
2024-01-26 23:44:24 - Num WL: 73, Num Unlab 4571, Num Classes 2, Num Lab 100
2024-01-26 23:44:29 - Bound at time 0: 0.294732
2024-01-26 23:46:00 - Bound at time 100: 0.288722
2024-01-26 23:47:30 - Bound at time 200: 0.283945
2024-01-26 23:49:00 - Bound at time 300: 0.280048
2024-01-26 23:50:28 - Bound at time 400: 0.276854
2024-01-26 23:51:57 - ENDING PARAMETERS: [0.00579328 0.00567063 0.00521125 0.04582609 0.00789457 0.00580567
 0.00501881 0.00643125 0.00571508 0.03015987 0.00616006 0.05245577
 0.00527643 0.00605579 0.0050649  0.00575257 0.01356771 0.0067711
 0.00689627 0.07731014 0.00656837 0.00591933 0.0069773  0.02243531
 0.00579904 0.0069731  0.00682604 0.00602736 0.02155109 0.00594255
 0.00620088 0.00703525 0.00682625 0.00550959 0.00602718 0.00600054
 0.00568715 0.0538178  0.05499848 0.00449945 0.05569741 0.00642598
 0.00580022 0.04578712 0.00569354 0.00581884 0.0058415  0.00582627
 0.00643602 0.00717447 0.00589088 0.00618481 0.00590857 0.01316356
 0.00607801 0.0062895  0.00534292 0.00524315 0.00606331 0.03565773
 0.00603199 0.00619164 0.00577052 0.00618815 0.04561546 0.00589563
 0.005837   0.00529017 0.01268376 0.00492412 0.00612444 0.0216191
 0.06104493]
2024-01-26 23:51:57 - ================Results================
2024-01-26 23:51:57 - time to fit: 452.4 seconds
2024-01-26 23:51:57 - train acc (train err): 0.5469 (0.4531)
2024-01-26 23:51:57 - train log loss: 0.6897
2024-01-26 23:51:57 - train brier score: 0.4964
2024-01-26 23:51:57 - --------Run Number 8--------
2024-01-26 23:51:57 - Num WL: 73, Num Unlab 4571, Num Classes 2, Num Lab 100
2024-01-26 23:52:02 - Bound at time 0: 0.294478
2024-01-26 23:53:32 - Bound at time 100: 0.288588
2024-01-26 23:55:03 - Bound at time 200: 0.284019
2024-01-26 23:56:33 - Bound at time 300: 0.280315
2024-01-26 23:58:03 - Bound at time 400: 0.277288
2024-01-26 23:59:36 - ENDING PARAMETERS: [0.02138123 0.00609156 0.0074347  0.00662901 0.00894924 0.00802741
 0.00551244 0.00944752 0.03673049 0.02134472 0.00715826 0.13107944
 0.00686568 0.02130979 0.0073517  0.00759716 0.00606966 0.00828561
 0.01347675 0.00790624 0.00757356 0.00891794 0.03053321 0.02197791
 0.0080425  0.00817444 0.00745026 0.01350466 0.02103253 0.00609068
 0.00910421 0.00916609 0.00875614 0.02131551 0.00754832 0.0070964
 0.00637044 0.01291653 0.00860065 0.02036412 0.02321238 0.00785562
 0.00855195 0.03030377 0.00735412 0.00718645 0.00833328 0.00645379
 0.00887757 0.00921899 0.0094002  0.0070746  0.00674896 0.00649859
 0.00843329 0.00767113 0.00578788 0.00793977 0.0090027  0.03624363
 0.00757296 0.00866267 0.00858728 0.02147723 0.02176129 0.00660907
 0.00705609 0.00806735 0.00537112 0.0070021  0.0297739  0.04578498
 0.00694056]
2024-01-26 23:59:36 - ================Results================
2024-01-26 23:59:36 - time to fit: 459.2 seconds
2024-01-26 23:59:36 - train acc (train err): 0.6080 (0.3920)
2024-01-26 23:59:36 - train log loss: 0.6673
2024-01-26 23:59:36 - train brier score: 0.4744
2024-01-26 23:59:36 - --------Run Number 9--------
2024-01-26 23:59:36 - Num WL: 73, Num Unlab 4571, Num Classes 2, Num Lab 100
2024-01-26 23:59:41 - Bound at time 0: 0.293872
2024-01-27 00:01:14 - Bound at time 100: 0.286444
2024-01-27 00:02:54 - Bound at time 200: 0.280565
2024-01-27 00:04:36 - Bound at time 300: 0.275833
2024-01-27 00:06:21 - Bound at time 400: 0.272020
2024-01-27 00:08:05 - ENDING PARAMETERS: [0.01999473 0.00297281 0.00335495 0.00329651 0.00425473 0.00324498
 0.02769106 0.00380526 0.00275538 0.02066503 0.00364188 0.01946091
 0.05260765 0.01290234 0.         0.00267128 0.00364516 0.00414648
 0.00368386 0.06814712 0.00364209 0.06107089 0.00459491 0.00399434
 0.004662   0.00348657 0.02223776 0.00394384 0.00275942 0.00335117
 0.00396906 0.00447093 0.0037862  0.02041377 0.06932509 0.02168424
 0.00323292 0.02102876 0.03020657 0.00237854 0.00613936 0.05303446
 0.03034914 0.00358489 0.00316765 0.00270118 0.00349804 0.00318563
 0.0038596  0.00445747 0.00407848 0.00336634 0.0448037  0.00299619
 0.00325997 0.00369814 0.00246488 0.00318544 0.02060657 0.00327053
 0.00339976 0.00333257 0.0035884  0.00348735 0.00355982 0.02898952
 0.0032915  0.06926371 0.01174415 0.00327687 0.01304886 0.06086101
 0.02926765]
2024-01-27 00:08:05 - ================Results================
2024-01-27 00:08:05 - time to fit: 509.3 seconds
2024-01-27 00:08:05 - train acc (train err): 0.5207 (0.4793)
2024-01-27 00:08:05 - train log loss: 0.7009
2024-01-27 00:08:05 - train brier score: 0.5071
2024-01-27 00:08:05 - --------Run Number 10--------
2024-01-27 00:08:05 - Num WL: 73, Num Unlab 4571, Num Classes 2, Num Lab 100
2024-01-27 00:08:11 - Bound at time 0: 0.296380
2024-01-27 00:09:52 - Bound at time 100: 0.291952
2024-01-27 00:11:23 - Bound at time 200: 0.288504
2024-01-27 00:12:51 - Bound at time 300: 0.285709
2024-01-27 00:14:22 - Bound at time 400: 0.283422
2024-01-27 00:15:54 - ENDING PARAMETERS: [0.0062936  0.00685698 0.0061774  0.00688655 0.02506838 0.00682074
 0.00480962 0.00768279 0.00675031 0.07090382 0.00710776 0.03728521
 0.0061561  0.00704929 0.00642253 0.00568434 0.00593528 0.00673195
 0.00711166 0.06231487 0.00769617 0.00732881 0.00794684 0.00734682
 0.01507321 0.0072515  0.00731301 0.00714864 0.00576318 0.00585785
 0.00817257 0.00739543 0.00790431 0.03091816 0.03932035 0.00700569
 0.00629164 0.03914099 0.01628839 0.0050978  0.00710717 0.03116768
 0.00708743 0.00651001 0.00585139 0.03186648 0.00733098 0.02405356
 0.00707189 0.00880329 0.00763578 0.00606109 0.01460005 0.00564228
 0.00697793 0.02391968 0.0053589  0.00616628 0.02348998 0.05381548
 0.00572214 0.00648961 0.00598245 0.03863029 0.00729162 0.03912441
 0.00578629 0.00670553 0.00460382 0.00615828 0.00725487 0.02279415
 0.00662861]
2024-01-27 00:15:54 - ================Results================
2024-01-27 00:15:54 - time to fit: 468.5 seconds
2024-01-27 00:15:54 - train acc (train err): 0.5373 (0.4627)
2024-01-27 00:15:54 - train log loss: 0.6912
2024-01-27 00:15:54 - train brier score: 0.4979
2024-01-27 00:15:54 - ================Aggregated Results================
2024-01-27 00:15:54 - Total number of runs: 10
2024-01-27 00:15:54 - Average time to fit 469.6 (std: 19.6)
2024-01-27 00:15:54 - train mean acc +- std (mean train err): 0.5496 +- 0.0280 (0.4504)
2024-01-27 00:15:54 - train mean log loss +- std: 0.6882 +- 0.0120
2024-01-27 00:15:54 - train mean brier score +- std: 0.4948 +- 0.0115
