2023-09-27 00:52:56 - ------------Running Snorkel------------
2023-09-27 00:52:56 - dataset: breast_cancer
2023-09-27 00:52:56 - --------Run Number 1--------
2023-09-27 00:52:56 - ================Results================
2023-09-27 00:52:56 - train acc (train err): 0.4912 (0.5088)
2023-09-27 00:52:56 - train log loss: 6.1373
2023-09-27 00:52:56 - train brier score: 1.0090
2023-09-27 00:52:56 - --------Run Number 2--------
2023-09-27 00:52:56 - ================Results================
2023-09-27 00:52:56 - train acc (train err): 0.4912 (0.5088)
2023-09-27 00:52:56 - train log loss: 6.1331
2023-09-27 00:52:56 - train brier score: 1.0091
2023-09-27 00:52:56 - --------Run Number 3--------
2023-09-27 00:52:56 - ================Results================
2023-09-27 00:52:56 - train acc (train err): 0.4912 (0.5088)
2023-09-27 00:52:56 - train log loss: 6.1325
2023-09-27 00:52:56 - train brier score: 1.0092
2023-09-27 00:52:56 - --------Run Number 4--------
2023-09-27 00:52:56 - ================Results================
2023-09-27 00:52:56 - train acc (train err): 0.4912 (0.5088)
2023-09-27 00:52:56 - train log loss: 6.1395
2023-09-27 00:52:56 - train brier score: 1.0090
2023-09-27 00:52:56 - --------Run Number 5--------
2023-09-27 00:52:56 - ================Results================
2023-09-27 00:52:56 - train acc (train err): 0.4912 (0.5088)
2023-09-27 00:52:56 - train log loss: 6.1498
2023-09-27 00:52:56 - train brier score: 1.0107
2023-09-27 00:52:56 - --------Run Number 6--------
2023-09-27 00:52:56 - ================Results================
2023-09-27 00:52:56 - train acc (train err): 0.4912 (0.5088)
2023-09-27 00:52:56 - train log loss: 6.1532
2023-09-27 00:52:56 - train brier score: 1.0108
2023-09-27 00:52:56 - --------Run Number 7--------
2023-09-27 00:52:56 - ================Results================
2023-09-27 00:52:56 - train acc (train err): 0.4912 (0.5088)
2023-09-27 00:52:56 - train log loss: 6.1385
2023-09-27 00:52:56 - train brier score: 1.0090
2023-09-27 00:52:56 - --------Run Number 8--------
2023-09-27 00:52:56 - ================Results================
2023-09-27 00:52:56 - train acc (train err): 0.4912 (0.5088)
2023-09-27 00:52:56 - train log loss: 6.1681
2023-09-27 00:52:56 - train brier score: 1.0113
2023-09-27 00:52:56 - --------Run Number 9--------
2023-09-27 00:52:56 - ================Results================
2023-09-27 00:52:56 - train acc (train err): 0.4912 (0.5088)
2023-09-27 00:52:56 - train log loss: 6.1362
2023-09-27 00:52:56 - train brier score: 1.0090
2023-09-27 00:52:56 - --------Run Number 10--------
2023-09-27 00:52:56 - ================Results================
2023-09-27 00:52:56 - train acc (train err): 0.4912 (0.5088)
2023-09-27 00:52:56 - train log loss: 6.1175
2023-09-27 00:52:56 - train brier score: 1.0085
2023-09-27 00:52:56 - ================Aggregated Results================
2023-09-27 00:52:56 - Total number of runs: 10
2023-09-27 00:52:56 - train mean acc +- std (mean train err): 0.4912 +- 0.0000 (0.5088)
2023-09-27 00:52:56 - train mean log loss +- std: 6.1406 +- 0.0130
2023-09-27 00:52:56 - train mean brier score +- std: 1.0096 +- 0.0009
